2024-08-07T19:43:45+00:00 CRITICAL Uncaught WC_Data_Exception: Invalid billing email address in C:\MAMP\htdocs\wordpress\wp-content\plugins\woocommerce\includes\abstracts\abstract-wc-data.php:943
Stack trace:
#0 C:\MAMP\htdocs\wordpress\wp-content\plugins\woocommerce\includes\class-wc-customer.php(1045): WC_Data->error('customer_invali...', 'Invalid billing...')
#1 C:\MAMP\htdocs\wordpress\wp-content\plugins\woocommerce\includes\data-stores\class-wc-customer-data-store-session.php(114): WC_Customer->set_billing_email('admin@localhost')
#2 C:\MAMP\htdocs\wordpress\wp-content\plugins\woocommerce\includes\class-wc-data-store.php(159): WC_Customer_Data_Store_Session->read(Object(WC_Customer))
#3 C:\MAMP\htdocs\wordpress\wp-content\plugins\woocommerce\includes\class-wc-customer.php(125): WC_Data_Store->read(Object(WC_Customer))
#4 C:\MAMP\htdocs\wordpress\wp-content\plugins\woocommerce\includes\class-woocommerce.php(881): WC_Customer->__construct(1, true)
#5 C:\MAMP\htdocs\wordpress\wp-content\plugins\woocommerce\includes\wc-core-functions.php(2569): WooCommerce->initialize_cart()
#6 C:\MAMP\htdocs\wordpress\wp-content\plugins\woocommerce\includes\class-woocommerce.php(700): wc_load_cart()
#7 C:\MAMP\htdocs\wordpress\wp-includes\class-wp-hook.php(324): WooCommerce->init('')
#8 C:\MAMP\htdocs\wordpress\wp-includes\class-wp-hook.php(348): WP_Hook->apply_filters(NULL, Array)
#9 C:\MAMP\htdocs\wordpress\wp-includes\plugin.php(517): WP_Hook->do_action(Array)
#10 C:\MAMP\htdocs\wordpress\wp-settings.php(700): do_action('init')
#11 C:\MAMP\htdocs\wordpress\wp-config.php(96): require_once('C:\\MAMP\\htdocs\\...')
#12 C:\MAMP\htdocs\wordpress\wp-load.php(50): require_once('C:\\MAMP\\htdocs\\...')
#13 C:\MAMP\htdocs\wordpress\wp-admin\admin-ajax.php(22): require_once('C:\\MAMP\\htdocs\\...')
#14 {main}
  thrown in C:\MAMP\htdocs\wordpress\wp-content\plugins\woocommerce\includes\abstracts\abstract-wc-data.php on line 943

2024-08-07T19:43:49+00:00 CRITICAL Uncaught WC_Data_Exception: Invalid billing email address in C:\MAMP\htdocs\wordpress\wp-content\plugins\woocommerce\includes\abstracts\abstract-wc-data.php:943
Stack trace:
#0 C:\MAMP\htdocs\wordpress\wp-content\plugins\woocommerce\includes\class-wc-customer.php(1045): WC_Data->error('customer_invali...', 'Invalid billing...')
#1 C:\MAMP\htdocs\wordpress\wp-content\plugins\woocommerce\includes\data-stores\class-wc-customer-data-store-session.php(114): WC_Customer->set_billing_email('admin@localhost')
#2 C:\MAMP\htdocs\wordpress\wp-content\plugins\woocommerce\includes\class-wc-data-store.php(159): WC_Customer_Data_Store_Session->read(Object(WC_Customer))
#3 C:\MAMP\htdocs\wordpress\wp-content\plugins\woocommerce\includes\class-wc-customer.php(125): WC_Data_Store->read(Object(WC_Customer))
#4 C:\MAMP\htdocs\wordpress\wp-content\plugins\woocommerce\includes\class-woocommerce.php(881): WC_Customer->__construct(1, true)
#5 C:\MAMP\htdocs\wordpress\wp-content\plugins\woocommerce\includes\wc-core-functions.php(2569): WooCommerce->initialize_cart()
#6 C:\MAMP\htdocs\wordpress\wp-content\plugins\woocommerce\includes\class-woocommerce.php(700): wc_load_cart()
#7 C:\MAMP\htdocs\wordpress\wp-includes\class-wp-hook.php(324): WooCommerce->init('')
#8 C:\MAMP\htdocs\wordpress\wp-includes\class-wp-hook.php(348): WP_Hook->apply_filters(NULL, Array)
#9 C:\MAMP\htdocs\wordpress\wp-includes\plugin.php(517): WP_Hook->do_action(Array)
#10 C:\MAMP\htdocs\wordpress\wp-settings.php(700): do_action('init')
#11 C:\MAMP\htdocs\wordpress\wp-config.php(96): require_once('C:\\MAMP\\htdocs\\...')
#12 C:\MAMP\htdocs\wordpress\wp-load.php(50): require_once('C:\\MAMP\\htdocs\\...')
#13 C:\MAMP\htdocs\wordpress\wp-admin\admin-ajax.php(22): require_once('C:\\MAMP\\htdocs\\...')
#14 {main}
  thrown in C:\MAMP\htdocs\wordpress\wp-content\plugins\woocommerce\includes\abstracts\abstract-wc-data.php on line 943

2024-08-07T19:43:52+00:00 CRITICAL Uncaught WC_Data_Exception: Invalid billing email address in C:\MAMP\htdocs\wordpress\wp-content\plugins\woocommerce\includes\abstracts\abstract-wc-data.php:943
Stack trace:
#0 C:\MAMP\htdocs\wordpress\wp-content\plugins\woocommerce\includes\class-wc-customer.php(1045): WC_Data->error('customer_invali...', 'Invalid billing...')
#1 C:\MAMP\htdocs\wordpress\wp-content\plugins\woocommerce\includes\data-stores\class-wc-customer-data-store-session.php(114): WC_Customer->set_billing_email('admin@localhost')
#2 C:\MAMP\htdocs\wordpress\wp-content\plugins\woocommerce\includes\class-wc-data-store.php(159): WC_Customer_Data_Store_Session->read(Object(WC_Customer))
#3 C:\MAMP\htdocs\wordpress\wp-content\plugins\woocommerce\includes\class-wc-customer.php(125): WC_Data_Store->read(Object(WC_Customer))
#4 C:\MAMP\htdocs\wordpress\wp-content\plugins\woocommerce\includes\class-woocommerce.php(881): WC_Customer->__construct(1, true)
#5 C:\MAMP\htdocs\wordpress\wp-content\plugins\woocommerce\includes\wc-core-functions.php(2569): WooCommerce->initialize_cart()
#6 C:\MAMP\htdocs\wordpress\wp-content\plugins\woocommerce\includes\class-woocommerce.php(700): wc_load_cart()
#7 C:\MAMP\htdocs\wordpress\wp-includes\class-wp-hook.php(324): WooCommerce->init('')
#8 C:\MAMP\htdocs\wordpress\wp-includes\class-wp-hook.php(348): WP_Hook->apply_filters(NULL, Array)
#9 C:\MAMP\htdocs\wordpress\wp-includes\plugin.php(517): WP_Hook->do_action(Array)
#10 C:\MAMP\htdocs\wordpress\wp-settings.php(700): do_action('init')
#11 C:\MAMP\htdocs\wordpress\wp-config.php(96): require_once('C:\\MAMP\\htdocs\\...')
#12 C:\MAMP\htdocs\wordpress\wp-load.php(50): require_once('C:\\MAMP\\htdocs\\...')
#13 C:\MAMP\htdocs\wordpress\wp-admin\admin-ajax.php(22): require_once('C:\\MAMP\\htdocs\\...')
#14 {main}
  thrown in C:\MAMP\htdocs\wordpress\wp-content\plugins\woocommerce\includes\abstracts\abstract-wc-data.php on line 943

2024-08-07T19:45:42+00:00 CRITICAL Uncaught WC_Data_Exception: Invalid billing email address in C:\MAMP\htdocs\wordpress\wp-content\plugins\woocommerce\includes\abstracts\abstract-wc-data.php:943
Stack trace:
#0 C:\MAMP\htdocs\wordpress\wp-content\plugins\woocommerce\includes\class-wc-customer.php(1045): WC_Data->error('customer_invali...', 'Invalid billing...')
#1 C:\MAMP\htdocs\wordpress\wp-content\plugins\woocommerce\includes\data-stores\class-wc-customer-data-store-session.php(114): WC_Customer->set_billing_email('admin@localhost')
#2 C:\MAMP\htdocs\wordpress\wp-content\plugins\woocommerce\includes\class-wc-data-store.php(159): WC_Customer_Data_Store_Session->read(Object(WC_Customer))
#3 C:\MAMP\htdocs\wordpress\wp-content\plugins\woocommerce\includes\class-wc-customer.php(125): WC_Data_Store->read(Object(WC_Customer))
#4 C:\MAMP\htdocs\wordpress\wp-content\plugins\woocommerce\includes\class-woocommerce.php(881): WC_Customer->__construct(1, true)
#5 C:\MAMP\htdocs\wordpress\wp-content\plugins\woocommerce\includes\wc-core-functions.php(2569): WooCommerce->initialize_cart()
#6 C:\MAMP\htdocs\wordpress\wp-content\plugins\woocommerce\includes\class-woocommerce.php(700): wc_load_cart()
#7 C:\MAMP\htdocs\wordpress\wp-includes\class-wp-hook.php(324): WooCommerce->init('')
#8 C:\MAMP\htdocs\wordpress\wp-includes\class-wp-hook.php(348): WP_Hook->apply_filters(NULL, Array)
#9 C:\MAMP\htdocs\wordpress\wp-includes\plugin.php(517): WP_Hook->do_action(Array)
#10 C:\MAMP\htdocs\wordpress\wp-settings.php(700): do_action('init')
#11 C:\MAMP\htdocs\wordpress\wp-config.php(96): require_once('C:\\MAMP\\htdocs\\...')
#12 C:\MAMP\htdocs\wordpress\wp-load.php(50): require_once('C:\\MAMP\\htdocs\\...')
#13 C:\MAMP\htdocs\wordpress\wp-admin\admin-ajax.php(22): require_once('C:\\MAMP\\htdocs\\...')
#14 {main}
  thrown in C:\MAMP\htdocs\wordpress\wp-content\plugins\woocommerce\includes\abstracts\abstract-wc-data.php on line 943

2024-08-07T19:47:45+00:00 CRITICAL Uncaught WC_Data_Exception: Invalid billing email address in C:\MAMP\htdocs\wordpress\wp-content\plugins\woocommerce\includes\abstracts\abstract-wc-data.php:943
Stack trace:
#0 C:\MAMP\htdocs\wordpress\wp-content\plugins\woocommerce\includes\class-wc-customer.php(1045): WC_Data->error('customer_invali...', 'Invalid billing...')
#1 C:\MAMP\htdocs\wordpress\wp-content\plugins\woocommerce\includes\data-stores\class-wc-customer-data-store-session.php(114): WC_Customer->set_billing_email('admin@localhost')
#2 C:\MAMP\htdocs\wordpress\wp-content\plugins\woocommerce\includes\class-wc-data-store.php(159): WC_Customer_Data_Store_Session->read(Object(WC_Customer))
#3 C:\MAMP\htdocs\wordpress\wp-content\plugins\woocommerce\includes\class-wc-customer.php(125): WC_Data_Store->read(Object(WC_Customer))
#4 C:\MAMP\htdocs\wordpress\wp-content\plugins\woocommerce\includes\class-woocommerce.php(881): WC_Customer->__construct(1, true)
#5 C:\MAMP\htdocs\wordpress\wp-content\plugins\woocommerce\includes\wc-core-functions.php(2569): WooCommerce->initialize_cart()
#6 C:\MAMP\htdocs\wordpress\wp-content\plugins\woocommerce\includes\class-woocommerce.php(700): wc_load_cart()
#7 C:\MAMP\htdocs\wordpress\wp-includes\class-wp-hook.php(324): WooCommerce->init('')
#8 C:\MAMP\htdocs\wordpress\wp-includes\class-wp-hook.php(348): WP_Hook->apply_filters(NULL, Array)
#9 C:\MAMP\htdocs\wordpress\wp-includes\plugin.php(517): WP_Hook->do_action(Array)
#10 C:\MAMP\htdocs\wordpress\wp-settings.php(700): do_action('init')
#11 C:\MAMP\htdocs\wordpress\wp-config.php(96): require_once('C:\\MAMP\\htdocs\\...')
#12 C:\MAMP\htdocs\wordpress\wp-load.php(50): require_once('C:\\MAMP\\htdocs\\...')
#13 C:\MAMP\htdocs\wordpress\wp-admin\admin-ajax.php(22): require_once('C:\\MAMP\\htdocs\\...')
#14 {main}
  thrown in C:\MAMP\htdocs\wordpress\wp-content\plugins\woocommerce\includes\abstracts\abstract-wc-data.php on line 943

2024-08-07T19:49:44+00:00 CRITICAL Uncaught WC_Data_Exception: Invalid billing email address in C:\MAMP\htdocs\wordpress\wp-content\plugins\woocommerce\includes\abstracts\abstract-wc-data.php:943
Stack trace:
#0 C:\MAMP\htdocs\wordpress\wp-content\plugins\woocommerce\includes\class-wc-customer.php(1045): WC_Data->error('customer_invali...', 'Invalid billing...')
#1 C:\MAMP\htdocs\wordpress\wp-content\plugins\woocommerce\includes\data-stores\class-wc-customer-data-store-session.php(114): WC_Customer->set_billing_email('admin@localhost')
#2 C:\MAMP\htdocs\wordpress\wp-content\plugins\woocommerce\includes\class-wc-data-store.php(159): WC_Customer_Data_Store_Session->read(Object(WC_Customer))
#3 C:\MAMP\htdocs\wordpress\wp-content\plugins\woocommerce\includes\class-wc-customer.php(125): WC_Data_Store->read(Object(WC_Customer))
#4 C:\MAMP\htdocs\wordpress\wp-content\plugins\woocommerce\includes\class-woocommerce.php(881): WC_Customer->__construct(1, true)
#5 C:\MAMP\htdocs\wordpress\wp-content\plugins\woocommerce\includes\wc-core-functions.php(2569): WooCommerce->initialize_cart()
#6 C:\MAMP\htdocs\wordpress\wp-content\plugins\woocommerce\includes\class-woocommerce.php(700): wc_load_cart()
#7 C:\MAMP\htdocs\wordpress\wp-includes\class-wp-hook.php(324): WooCommerce->init('')
#8 C:\MAMP\htdocs\wordpress\wp-includes\class-wp-hook.php(348): WP_Hook->apply_filters(NULL, Array)
#9 C:\MAMP\htdocs\wordpress\wp-includes\plugin.php(517): WP_Hook->do_action(Array)
#10 C:\MAMP\htdocs\wordpress\wp-settings.php(700): do_action('init')
#11 C:\MAMP\htdocs\wordpress\wp-config.php(96): require_once('C:\\MAMP\\htdocs\\...')
#12 C:\MAMP\htdocs\wordpress\wp-load.php(50): require_once('C:\\MAMP\\htdocs\\...')
#13 C:\MAMP\htdocs\wordpress\wp-admin\admin-ajax.php(22): require_once('C:\\MAMP\\htdocs\\...')
#14 {main}
  thrown in C:\MAMP\htdocs\wordpress\wp-content\plugins\woocommerce\includes\abstracts\abstract-wc-data.php on line 943

2024-08-07T19:51:46+00:00 CRITICAL Uncaught WC_Data_Exception: Invalid billing email address in C:\MAMP\htdocs\wordpress\wp-content\plugins\woocommerce\includes\abstracts\abstract-wc-data.php:943
Stack trace:
#0 C:\MAMP\htdocs\wordpress\wp-content\plugins\woocommerce\includes\class-wc-customer.php(1045): WC_Data->error('customer_invali...', 'Invalid billing...')
#1 C:\MAMP\htdocs\wordpress\wp-content\plugins\woocommerce\includes\data-stores\class-wc-customer-data-store-session.php(114): WC_Customer->set_billing_email('admin@localhost')
#2 C:\MAMP\htdocs\wordpress\wp-content\plugins\woocommerce\includes\class-wc-data-store.php(159): WC_Customer_Data_Store_Session->read(Object(WC_Customer))
#3 C:\MAMP\htdocs\wordpress\wp-content\plugins\woocommerce\includes\class-wc-customer.php(125): WC_Data_Store->read(Object(WC_Customer))
#4 C:\MAMP\htdocs\wordpress\wp-content\plugins\woocommerce\includes\class-woocommerce.php(881): WC_Customer->__construct(1, true)
#5 C:\MAMP\htdocs\wordpress\wp-content\plugins\woocommerce\includes\wc-core-functions.php(2569): WooCommerce->initialize_cart()
#6 C:\MAMP\htdocs\wordpress\wp-content\plugins\woocommerce\includes\class-woocommerce.php(700): wc_load_cart()
#7 C:\MAMP\htdocs\wordpress\wp-includes\class-wp-hook.php(324): WooCommerce->init('')
#8 C:\MAMP\htdocs\wordpress\wp-includes\class-wp-hook.php(348): WP_Hook->apply_filters(NULL, Array)
#9 C:\MAMP\htdocs\wordpress\wp-includes\plugin.php(517): WP_Hook->do_action(Array)
#10 C:\MAMP\htdocs\wordpress\wp-settings.php(700): do_action('init')
#11 C:\MAMP\htdocs\wordpress\wp-config.php(96): require_once('C:\\MAMP\\htdocs\\...')
#12 C:\MAMP\htdocs\wordpress\wp-load.php(50): require_once('C:\\MAMP\\htdocs\\...')
#13 C:\MAMP\htdocs\wordpress\wp-admin\admin-ajax.php(22): require_once('C:\\MAMP\\htdocs\\...')
#14 {main}
  thrown in C:\MAMP\htdocs\wordpress\wp-content\plugins\woocommerce\includes\abstracts\abstract-wc-data.php on line 943

2024-08-07T19:53:48+00:00 CRITICAL Uncaught WC_Data_Exception: Invalid billing email address in C:\MAMP\htdocs\wordpress\wp-content\plugins\woocommerce\includes\abstracts\abstract-wc-data.php:943
Stack trace:
#0 C:\MAMP\htdocs\wordpress\wp-content\plugins\woocommerce\includes\class-wc-customer.php(1045): WC_Data->error('customer_invali...', 'Invalid billing...')
#1 C:\MAMP\htdocs\wordpress\wp-content\plugins\woocommerce\includes\data-stores\class-wc-customer-data-store-session.php(114): WC_Customer->set_billing_email('admin@localhost')
#2 C:\MAMP\htdocs\wordpress\wp-content\plugins\woocommerce\includes\class-wc-data-store.php(159): WC_Customer_Data_Store_Session->read(Object(WC_Customer))
#3 C:\MAMP\htdocs\wordpress\wp-content\plugins\woocommerce\includes\class-wc-customer.php(125): WC_Data_Store->read(Object(WC_Customer))
#4 C:\MAMP\htdocs\wordpress\wp-content\plugins\woocommerce\includes\class-woocommerce.php(881): WC_Customer->__construct(1, true)
#5 C:\MAMP\htdocs\wordpress\wp-content\plugins\woocommerce\includes\wc-core-functions.php(2569): WooCommerce->initialize_cart()
#6 C:\MAMP\htdocs\wordpress\wp-content\plugins\woocommerce\includes\class-woocommerce.php(700): wc_load_cart()
#7 C:\MAMP\htdocs\wordpress\wp-includes\class-wp-hook.php(324): WooCommerce->init('')
#8 C:\MAMP\htdocs\wordpress\wp-includes\class-wp-hook.php(348): WP_Hook->apply_filters(NULL, Array)
#9 C:\MAMP\htdocs\wordpress\wp-includes\plugin.php(517): WP_Hook->do_action(Array)
#10 C:\MAMP\htdocs\wordpress\wp-settings.php(700): do_action('init')
#11 C:\MAMP\htdocs\wordpress\wp-config.php(96): require_once('C:\\MAMP\\htdocs\\...')
#12 C:\MAMP\htdocs\wordpress\wp-load.php(50): require_once('C:\\MAMP\\htdocs\\...')
#13 C:\MAMP\htdocs\wordpress\wp-admin\admin-ajax.php(22): require_once('C:\\MAMP\\htdocs\\...')
#14 {main}
  thrown in C:\MAMP\htdocs\wordpress\wp-content\plugins\woocommerce\includes\abstracts\abstract-wc-data.php on line 943

2024-08-07T19:55:46+00:00 CRITICAL Uncaught WC_Data_Exception: Invalid billing email address in C:\MAMP\htdocs\wordpress\wp-content\plugins\woocommerce\includes\abstracts\abstract-wc-data.php:943
Stack trace:
#0 C:\MAMP\htdocs\wordpress\wp-content\plugins\woocommerce\includes\class-wc-customer.php(1045): WC_Data->error('customer_invali...', 'Invalid billing...')
#1 C:\MAMP\htdocs\wordpress\wp-content\plugins\woocommerce\includes\data-stores\class-wc-customer-data-store-session.php(114): WC_Customer->set_billing_email('admin@localhost')
#2 C:\MAMP\htdocs\wordpress\wp-content\plugins\woocommerce\includes\class-wc-data-store.php(159): WC_Customer_Data_Store_Session->read(Object(WC_Customer))
#3 C:\MAMP\htdocs\wordpress\wp-content\plugins\woocommerce\includes\class-wc-customer.php(125): WC_Data_Store->read(Object(WC_Customer))
#4 C:\MAMP\htdocs\wordpress\wp-content\plugins\woocommerce\includes\class-woocommerce.php(881): WC_Customer->__construct(1, true)
#5 C:\MAMP\htdocs\wordpress\wp-content\plugins\woocommerce\includes\wc-core-functions.php(2569): WooCommerce->initialize_cart()
#6 C:\MAMP\htdocs\wordpress\wp-content\plugins\woocommerce\includes\class-woocommerce.php(700): wc_load_cart()
#7 C:\MAMP\htdocs\wordpress\wp-includes\class-wp-hook.php(324): WooCommerce->init('')
#8 C:\MAMP\htdocs\wordpress\wp-includes\class-wp-hook.php(348): WP_Hook->apply_filters(NULL, Array)
#9 C:\MAMP\htdocs\wordpress\wp-includes\plugin.php(517): WP_Hook->do_action(Array)
#10 C:\MAMP\htdocs\wordpress\wp-settings.php(700): do_action('init')
#11 C:\MAMP\htdocs\wordpress\wp-config.php(96): require_once('C:\\MAMP\\htdocs\\...')
#12 C:\MAMP\htdocs\wordpress\wp-load.php(50): require_once('C:\\MAMP\\htdocs\\...')
#13 C:\MAMP\htdocs\wordpress\wp-admin\admin-ajax.php(22): require_once('C:\\MAMP\\htdocs\\...')
#14 {main}
  thrown in C:\MAMP\htdocs\wordpress\wp-content\plugins\woocommerce\includes\abstracts\abstract-wc-data.php on line 943

2024-08-07T19:57:48+00:00 CRITICAL Uncaught WC_Data_Exception: Invalid billing email address in C:\MAMP\htdocs\wordpress\wp-content\plugins\woocommerce\includes\abstracts\abstract-wc-data.php:943
Stack trace:
#0 C:\MAMP\htdocs\wordpress\wp-content\plugins\woocommerce\includes\class-wc-customer.php(1045): WC_Data->error('customer_invali...', 'Invalid billing...')
#1 C:\MAMP\htdocs\wordpress\wp-content\plugins\woocommerce\includes\data-stores\class-wc-customer-data-store-session.php(114): WC_Customer->set_billing_email('admin@localhost')
#2 C:\MAMP\htdocs\wordpress\wp-content\plugins\woocommerce\includes\class-wc-data-store.php(159): WC_Customer_Data_Store_Session->read(Object(WC_Customer))
#3 C:\MAMP\htdocs\wordpress\wp-content\plugins\woocommerce\includes\class-wc-customer.php(125): WC_Data_Store->read(Object(WC_Customer))
#4 C:\MAMP\htdocs\wordpress\wp-content\plugins\woocommerce\includes\class-woocommerce.php(881): WC_Customer->__construct(1, true)
#5 C:\MAMP\htdocs\wordpress\wp-content\plugins\woocommerce\includes\wc-core-functions.php(2569): WooCommerce->initialize_cart()
#6 C:\MAMP\htdocs\wordpress\wp-content\plugins\woocommerce\includes\class-woocommerce.php(700): wc_load_cart()
#7 C:\MAMP\htdocs\wordpress\wp-includes\class-wp-hook.php(324): WooCommerce->init('')
#8 C:\MAMP\htdocs\wordpress\wp-includes\class-wp-hook.php(348): WP_Hook->apply_filters(NULL, Array)
#9 C:\MAMP\htdocs\wordpress\wp-includes\plugin.php(517): WP_Hook->do_action(Array)
#10 C:\MAMP\htdocs\wordpress\wp-settings.php(700): do_action('init')
#11 C:\MAMP\htdocs\wordpress\wp-config.php(96): require_once('C:\\MAMP\\htdocs\\...')
#12 C:\MAMP\htdocs\wordpress\wp-load.php(50): require_once('C:\\MAMP\\htdocs\\...')
#13 C:\MAMP\htdocs\wordpress\wp-admin\admin-ajax.php(22): require_once('C:\\MAMP\\htdocs\\...')
#14 {main}
  thrown in C:\MAMP\htdocs\wordpress\wp-content\plugins\woocommerce\includes\abstracts\abstract-wc-data.php on line 943

2024-08-07T19:59:48+00:00 CRITICAL Uncaught WC_Data_Exception: Invalid billing email address in C:\MAMP\htdocs\wordpress\wp-content\plugins\woocommerce\includes\abstracts\abstract-wc-data.php:943
Stack trace:
#0 C:\MAMP\htdocs\wordpress\wp-content\plugins\woocommerce\includes\class-wc-customer.php(1045): WC_Data->error('customer_invali...', 'Invalid billing...')
#1 C:\MAMP\htdocs\wordpress\wp-content\plugins\woocommerce\includes\data-stores\class-wc-customer-data-store-session.php(114): WC_Customer->set_billing_email('admin@localhost')
#2 C:\MAMP\htdocs\wordpress\wp-content\plugins\woocommerce\includes\class-wc-data-store.php(159): WC_Customer_Data_Store_Session->read(Object(WC_Customer))
#3 C:\MAMP\htdocs\wordpress\wp-content\plugins\woocommerce\includes\class-wc-customer.php(125): WC_Data_Store->read(Object(WC_Customer))
#4 C:\MAMP\htdocs\wordpress\wp-content\plugins\woocommerce\includes\class-woocommerce.php(881): WC_Customer->__construct(1, true)
#5 C:\MAMP\htdocs\wordpress\wp-content\plugins\woocommerce\includes\wc-core-functions.php(2569): WooCommerce->initialize_cart()
#6 C:\MAMP\htdocs\wordpress\wp-content\plugins\woocommerce\includes\class-woocommerce.php(700): wc_load_cart()
#7 C:\MAMP\htdocs\wordpress\wp-includes\class-wp-hook.php(324): WooCommerce->init('')
#8 C:\MAMP\htdocs\wordpress\wp-includes\class-wp-hook.php(348): WP_Hook->apply_filters(NULL, Array)
#9 C:\MAMP\htdocs\wordpress\wp-includes\plugin.php(517): WP_Hook->do_action(Array)
#10 C:\MAMP\htdocs\wordpress\wp-settings.php(700): do_action('init')
#11 C:\MAMP\htdocs\wordpress\wp-config.php(96): require_once('C:\\MAMP\\htdocs\\...')
#12 C:\MAMP\htdocs\wordpress\wp-load.php(50): require_once('C:\\MAMP\\htdocs\\...')
#13 C:\MAMP\htdocs\wordpress\wp-admin\admin-ajax.php(22): require_once('C:\\MAMP\\htdocs\\...')
#14 {main}
  thrown in C:\MAMP\htdocs\wordpress\wp-content\plugins\woocommerce\includes\abstracts\abstract-wc-data.php on line 943

2024-08-07T20:01:50+00:00 CRITICAL Uncaught WC_Data_Exception: Invalid billing email address in C:\MAMP\htdocs\wordpress\wp-content\plugins\woocommerce\includes\abstracts\abstract-wc-data.php:943
Stack trace:
#0 C:\MAMP\htdocs\wordpress\wp-content\plugins\woocommerce\includes\class-wc-customer.php(1045): WC_Data->error('customer_invali...', 'Invalid billing...')
#1 C:\MAMP\htdocs\wordpress\wp-content\plugins\woocommerce\includes\data-stores\class-wc-customer-data-store-session.php(114): WC_Customer->set_billing_email('admin@localhost')
#2 C:\MAMP\htdocs\wordpress\wp-content\plugins\woocommerce\includes\class-wc-data-store.php(159): WC_Customer_Data_Store_Session->read(Object(WC_Customer))
#3 C:\MAMP\htdocs\wordpress\wp-content\plugins\woocommerce\includes\class-wc-customer.php(125): WC_Data_Store->read(Object(WC_Customer))
#4 C:\MAMP\htdocs\wordpress\wp-content\plugins\woocommerce\includes\class-woocommerce.php(881): WC_Customer->__construct(1, true)
#5 C:\MAMP\htdocs\wordpress\wp-content\plugins\woocommerce\includes\wc-core-functions.php(2569): WooCommerce->initialize_cart()
#6 C:\MAMP\htdocs\wordpress\wp-content\plugins\woocommerce\includes\class-woocommerce.php(700): wc_load_cart()
#7 C:\MAMP\htdocs\wordpress\wp-includes\class-wp-hook.php(324): WooCommerce->init('')
#8 C:\MAMP\htdocs\wordpress\wp-includes\class-wp-hook.php(348): WP_Hook->apply_filters(NULL, Array)
#9 C:\MAMP\htdocs\wordpress\wp-includes\plugin.php(517): WP_Hook->do_action(Array)
#10 C:\MAMP\htdocs\wordpress\wp-settings.php(700): do_action('init')
#11 C:\MAMP\htdocs\wordpress\wp-config.php(96): require_once('C:\\MAMP\\htdocs\\...')
#12 C:\MAMP\htdocs\wordpress\wp-load.php(50): require_once('C:\\MAMP\\htdocs\\...')
#13 C:\MAMP\htdocs\wordpress\wp-admin\admin-ajax.php(22): require_once('C:\\MAMP\\htdocs\\...')
#14 {main}
  thrown in C:\MAMP\htdocs\wordpress\wp-content\plugins\woocommerce\includes\abstracts\abstract-wc-data.php on line 943

2024-08-07T20:03:48+00:00 CRITICAL Uncaught WC_Data_Exception: Invalid billing email address in C:\MAMP\htdocs\wordpress\wp-content\plugins\woocommerce\includes\abstracts\abstract-wc-data.php:943
Stack trace:
#0 C:\MAMP\htdocs\wordpress\wp-content\plugins\woocommerce\includes\class-wc-customer.php(1045): WC_Data->error('customer_invali...', 'Invalid billing...')
#1 C:\MAMP\htdocs\wordpress\wp-content\plugins\woocommerce\includes\data-stores\class-wc-customer-data-store-session.php(114): WC_Customer->set_billing_email('admin@localhost')
#2 C:\MAMP\htdocs\wordpress\wp-content\plugins\woocommerce\includes\class-wc-data-store.php(159): WC_Customer_Data_Store_Session->read(Object(WC_Customer))
#3 C:\MAMP\htdocs\wordpress\wp-content\plugins\woocommerce\includes\class-wc-customer.php(125): WC_Data_Store->read(Object(WC_Customer))
#4 C:\MAMP\htdocs\wordpress\wp-content\plugins\woocommerce\includes\class-woocommerce.php(881): WC_Customer->__construct(1, true)
#5 C:\MAMP\htdocs\wordpress\wp-content\plugins\woocommerce\includes\wc-core-functions.php(2569): WooCommerce->initialize_cart()
#6 C:\MAMP\htdocs\wordpress\wp-content\plugins\woocommerce\includes\class-woocommerce.php(700): wc_load_cart()
#7 C:\MAMP\htdocs\wordpress\wp-includes\class-wp-hook.php(324): WooCommerce->init('')
#8 C:\MAMP\htdocs\wordpress\wp-includes\class-wp-hook.php(348): WP_Hook->apply_filters(NULL, Array)
#9 C:\MAMP\htdocs\wordpress\wp-includes\plugin.php(517): WP_Hook->do_action(Array)
#10 C:\MAMP\htdocs\wordpress\wp-settings.php(700): do_action('init')
#11 C:\MAMP\htdocs\wordpress\wp-config.php(96): require_once('C:\\MAMP\\htdocs\\...')
#12 C:\MAMP\htdocs\wordpress\wp-load.php(50): require_once('C:\\MAMP\\htdocs\\...')
#13 C:\MAMP\htdocs\wordpress\wp-admin\admin-ajax.php(22): require_once('C:\\MAMP\\htdocs\\...')
#14 {main}
  thrown in C:\MAMP\htdocs\wordpress\wp-content\plugins\woocommerce\includes\abstracts\abstract-wc-data.php on line 943

2024-08-07T20:05:49+00:00 CRITICAL Uncaught WC_Data_Exception: Invalid billing email address in C:\MAMP\htdocs\wordpress\wp-content\plugins\woocommerce\includes\abstracts\abstract-wc-data.php:943
Stack trace:
#0 C:\MAMP\htdocs\wordpress\wp-content\plugins\woocommerce\includes\class-wc-customer.php(1045): WC_Data->error('customer_invali...', 'Invalid billing...')
#1 C:\MAMP\htdocs\wordpress\wp-content\plugins\woocommerce\includes\data-stores\class-wc-customer-data-store-session.php(114): WC_Customer->set_billing_email('admin@localhost')
#2 C:\MAMP\htdocs\wordpress\wp-content\plugins\woocommerce\includes\class-wc-data-store.php(159): WC_Customer_Data_Store_Session->read(Object(WC_Customer))
#3 C:\MAMP\htdocs\wordpress\wp-content\plugins\woocommerce\includes\class-wc-customer.php(125): WC_Data_Store->read(Object(WC_Customer))
#4 C:\MAMP\htdocs\wordpress\wp-content\plugins\woocommerce\includes\class-woocommerce.php(881): WC_Customer->__construct(1, true)
#5 C:\MAMP\htdocs\wordpress\wp-content\plugins\woocommerce\includes\wc-core-functions.php(2569): WooCommerce->initialize_cart()
#6 C:\MAMP\htdocs\wordpress\wp-content\plugins\woocommerce\includes\class-woocommerce.php(700): wc_load_cart()
#7 C:\MAMP\htdocs\wordpress\wp-includes\class-wp-hook.php(324): WooCommerce->init('')
#8 C:\MAMP\htdocs\wordpress\wp-includes\class-wp-hook.php(348): WP_Hook->apply_filters(NULL, Array)
#9 C:\MAMP\htdocs\wordpress\wp-includes\plugin.php(517): WP_Hook->do_action(Array)
#10 C:\MAMP\htdocs\wordpress\wp-settings.php(700): do_action('init')
#11 C:\MAMP\htdocs\wordpress\wp-config.php(96): require_once('C:\\MAMP\\htdocs\\...')
#12 C:\MAMP\htdocs\wordpress\wp-load.php(50): require_once('C:\\MAMP\\htdocs\\...')
#13 C:\MAMP\htdocs\wordpress\wp-admin\admin-ajax.php(22): require_once('C:\\MAMP\\htdocs\\...')
#14 {main}
  thrown in C:\MAMP\htdocs\wordpress\wp-content\plugins\woocommerce\includes\abstracts\abstract-wc-data.php on line 943

2024-08-07T20:07:50+00:00 CRITICAL Uncaught WC_Data_Exception: Invalid billing email address in C:\MAMP\htdocs\wordpress\wp-content\plugins\woocommerce\includes\abstracts\abstract-wc-data.php:943
Stack trace:
#0 C:\MAMP\htdocs\wordpress\wp-content\plugins\woocommerce\includes\class-wc-customer.php(1045): WC_Data->error('customer_invali...', 'Invalid billing...')
#1 C:\MAMP\htdocs\wordpress\wp-content\plugins\woocommerce\includes\data-stores\class-wc-customer-data-store-session.php(114): WC_Customer->set_billing_email('admin@localhost')
#2 C:\MAMP\htdocs\wordpress\wp-content\plugins\woocommerce\includes\class-wc-data-store.php(159): WC_Customer_Data_Store_Session->read(Object(WC_Customer))
#3 C:\MAMP\htdocs\wordpress\wp-content\plugins\woocommerce\includes\class-wc-customer.php(125): WC_Data_Store->read(Object(WC_Customer))
#4 C:\MAMP\htdocs\wordpress\wp-content\plugins\woocommerce\includes\class-woocommerce.php(881): WC_Customer->__construct(1, true)
#5 C:\MAMP\htdocs\wordpress\wp-content\plugins\woocommerce\includes\wc-core-functions.php(2569): WooCommerce->initialize_cart()
#6 C:\MAMP\htdocs\wordpress\wp-content\plugins\woocommerce\includes\class-woocommerce.php(700): wc_load_cart()
#7 C:\MAMP\htdocs\wordpress\wp-includes\class-wp-hook.php(324): WooCommerce->init('')
#8 C:\MAMP\htdocs\wordpress\wp-includes\class-wp-hook.php(348): WP_Hook->apply_filters(NULL, Array)
#9 C:\MAMP\htdocs\wordpress\wp-includes\plugin.php(517): WP_Hook->do_action(Array)
#10 C:\MAMP\htdocs\wordpress\wp-settings.php(700): do_action('init')
#11 C:\MAMP\htdocs\wordpress\wp-config.php(96): require_once('C:\\MAMP\\htdocs\\...')
#12 C:\MAMP\htdocs\wordpress\wp-load.php(50): require_once('C:\\MAMP\\htdocs\\...')
#13 C:\MAMP\htdocs\wordpress\wp-admin\admin-ajax.php(22): require_once('C:\\MAMP\\htdocs\\...')
#14 {main}
  thrown in C:\MAMP\htdocs\wordpress\wp-content\plugins\woocommerce\includes\abstracts\abstract-wc-data.php on line 943

2024-08-07T20:09:50+00:00 CRITICAL Uncaught WC_Data_Exception: Invalid billing email address in C:\MAMP\htdocs\wordpress\wp-content\plugins\woocommerce\includes\abstracts\abstract-wc-data.php:943
Stack trace:
#0 C:\MAMP\htdocs\wordpress\wp-content\plugins\woocommerce\includes\class-wc-customer.php(1045): WC_Data->error('customer_invali...', 'Invalid billing...')
#1 C:\MAMP\htdocs\wordpress\wp-content\plugins\woocommerce\includes\data-stores\class-wc-customer-data-store-session.php(114): WC_Customer->set_billing_email('admin@localhost')
#2 C:\MAMP\htdocs\wordpress\wp-content\plugins\woocommerce\includes\class-wc-data-store.php(159): WC_Customer_Data_Store_Session->read(Object(WC_Customer))
#3 C:\MAMP\htdocs\wordpress\wp-content\plugins\woocommerce\includes\class-wc-customer.php(125): WC_Data_Store->read(Object(WC_Customer))
#4 C:\MAMP\htdocs\wordpress\wp-content\plugins\woocommerce\includes\class-woocommerce.php(881): WC_Customer->__construct(1, true)
#5 C:\MAMP\htdocs\wordpress\wp-content\plugins\woocommerce\includes\wc-core-functions.php(2569): WooCommerce->initialize_cart()
#6 C:\MAMP\htdocs\wordpress\wp-content\plugins\woocommerce\includes\class-woocommerce.php(700): wc_load_cart()
#7 C:\MAMP\htdocs\wordpress\wp-includes\class-wp-hook.php(324): WooCommerce->init('')
#8 C:\MAMP\htdocs\wordpress\wp-includes\class-wp-hook.php(348): WP_Hook->apply_filters(NULL, Array)
#9 C:\MAMP\htdocs\wordpress\wp-includes\plugin.php(517): WP_Hook->do_action(Array)
#10 C:\MAMP\htdocs\wordpress\wp-settings.php(700): do_action('init')
#11 C:\MAMP\htdocs\wordpress\wp-config.php(96): require_once('C:\\MAMP\\htdocs\\...')
#12 C:\MAMP\htdocs\wordpress\wp-load.php(50): require_once('C:\\MAMP\\htdocs\\...')
#13 C:\MAMP\htdocs\wordpress\wp-admin\admin-ajax.php(22): require_once('C:\\MAMP\\htdocs\\...')
#14 {main}
  thrown in C:\MAMP\htdocs\wordpress\wp-content\plugins\woocommerce\includes\abstracts\abstract-wc-data.php on line 943

2024-08-07T20:11:51+00:00 CRITICAL Uncaught WC_Data_Exception: Invalid billing email address in C:\MAMP\htdocs\wordpress\wp-content\plugins\woocommerce\includes\abstracts\abstract-wc-data.php:943
Stack trace:
#0 C:\MAMP\htdocs\wordpress\wp-content\plugins\woocommerce\includes\class-wc-customer.php(1045): WC_Data->error('customer_invali...', 'Invalid billing...')
#1 C:\MAMP\htdocs\wordpress\wp-content\plugins\woocommerce\includes\data-stores\class-wc-customer-data-store-session.php(114): WC_Customer->set_billing_email('admin@localhost')
#2 C:\MAMP\htdocs\wordpress\wp-content\plugins\woocommerce\includes\class-wc-data-store.php(159): WC_Customer_Data_Store_Session->read(Object(WC_Customer))
#3 C:\MAMP\htdocs\wordpress\wp-content\plugins\woocommerce\includes\class-wc-customer.php(125): WC_Data_Store->read(Object(WC_Customer))
#4 C:\MAMP\htdocs\wordpress\wp-content\plugins\woocommerce\includes\class-woocommerce.php(881): WC_Customer->__construct(1, true)
#5 C:\MAMP\htdocs\wordpress\wp-content\plugins\woocommerce\includes\wc-core-functions.php(2569): WooCommerce->initialize_cart()
#6 C:\MAMP\htdocs\wordpress\wp-content\plugins\woocommerce\includes\class-woocommerce.php(700): wc_load_cart()
#7 C:\MAMP\htdocs\wordpress\wp-includes\class-wp-hook.php(324): WooCommerce->init('')
#8 C:\MAMP\htdocs\wordpress\wp-includes\class-wp-hook.php(348): WP_Hook->apply_filters(NULL, Array)
#9 C:\MAMP\htdocs\wordpress\wp-includes\plugin.php(517): WP_Hook->do_action(Array)
#10 C:\MAMP\htdocs\wordpress\wp-settings.php(700): do_action('init')
#11 C:\MAMP\htdocs\wordpress\wp-config.php(96): require_once('C:\\MAMP\\htdocs\\...')
#12 C:\MAMP\htdocs\wordpress\wp-load.php(50): require_once('C:\\MAMP\\htdocs\\...')
#13 C:\MAMP\htdocs\wordpress\wp-admin\admin-ajax.php(22): require_once('C:\\MAMP\\htdocs\\...')
#14 {main}
  thrown in C:\MAMP\htdocs\wordpress\wp-content\plugins\woocommerce\includes\abstracts\abstract-wc-data.php on line 943

2024-08-07T20:13:52+00:00 CRITICAL Uncaught WC_Data_Exception: Invalid billing email address in C:\MAMP\htdocs\wordpress\wp-content\plugins\woocommerce\includes\abstracts\abstract-wc-data.php:943
Stack trace:
#0 C:\MAMP\htdocs\wordpress\wp-content\plugins\woocommerce\includes\class-wc-customer.php(1045): WC_Data->error('customer_invali...', 'Invalid billing...')
#1 C:\MAMP\htdocs\wordpress\wp-content\plugins\woocommerce\includes\data-stores\class-wc-customer-data-store-session.php(114): WC_Customer->set_billing_email('admin@localhost')
#2 C:\MAMP\htdocs\wordpress\wp-content\plugins\woocommerce\includes\class-wc-data-store.php(159): WC_Customer_Data_Store_Session->read(Object(WC_Customer))
#3 C:\MAMP\htdocs\wordpress\wp-content\plugins\woocommerce\includes\class-wc-customer.php(125): WC_Data_Store->read(Object(WC_Customer))
#4 C:\MAMP\htdocs\wordpress\wp-content\plugins\woocommerce\includes\class-woocommerce.php(881): WC_Customer->__construct(1, true)
#5 C:\MAMP\htdocs\wordpress\wp-content\plugins\woocommerce\includes\wc-core-functions.php(2569): WooCommerce->initialize_cart()
#6 C:\MAMP\htdocs\wordpress\wp-content\plugins\woocommerce\includes\class-woocommerce.php(700): wc_load_cart()
#7 C:\MAMP\htdocs\wordpress\wp-includes\class-wp-hook.php(324): WooCommerce->init('')
#8 C:\MAMP\htdocs\wordpress\wp-includes\class-wp-hook.php(348): WP_Hook->apply_filters(NULL, Array)
#9 C:\MAMP\htdocs\wordpress\wp-includes\plugin.php(517): WP_Hook->do_action(Array)
#10 C:\MAMP\htdocs\wordpress\wp-settings.php(700): do_action('init')
#11 C:\MAMP\htdocs\wordpress\wp-config.php(96): require_once('C:\\MAMP\\htdocs\\...')
#12 C:\MAMP\htdocs\wordpress\wp-load.php(50): require_once('C:\\MAMP\\htdocs\\...')
#13 C:\MAMP\htdocs\wordpress\wp-admin\admin-ajax.php(22): require_once('C:\\MAMP\\htdocs\\...')
#14 {main}
  thrown in C:\MAMP\htdocs\wordpress\wp-content\plugins\woocommerce\includes\abstracts\abstract-wc-data.php on line 943

2024-08-07T21:06:46+00:00 CRITICAL Uncaught WC_Data_Exception: Invalid billing email address in C:\MAMP\htdocs\wordpress\wp-content\plugins\woocommerce\includes\abstracts\abstract-wc-data.php:943
Stack trace:
#0 C:\MAMP\htdocs\wordpress\wp-content\plugins\woocommerce\includes\class-wc-customer.php(1045): WC_Data->error('customer_invali...', 'Invalid billing...')
#1 C:\MAMP\htdocs\wordpress\wp-content\plugins\woocommerce\includes\data-stores\class-wc-customer-data-store-session.php(114): WC_Customer->set_billing_email('admin@localhost')
#2 C:\MAMP\htdocs\wordpress\wp-content\plugins\woocommerce\includes\class-wc-data-store.php(159): WC_Customer_Data_Store_Session->read(Object(WC_Customer))
#3 C:\MAMP\htdocs\wordpress\wp-content\plugins\woocommerce\includes\class-wc-customer.php(125): WC_Data_Store->read(Object(WC_Customer))
#4 C:\MAMP\htdocs\wordpress\wp-content\plugins\woocommerce\includes\class-woocommerce.php(881): WC_Customer->__construct(1, true)
#5 C:\MAMP\htdocs\wordpress\wp-content\plugins\woocommerce\includes\wc-core-functions.php(2569): WooCommerce->initialize_cart()
#6 C:\MAMP\htdocs\wordpress\wp-content\plugins\woocommerce\includes\class-woocommerce.php(700): wc_load_cart()
#7 C:\MAMP\htdocs\wordpress\wp-includes\class-wp-hook.php(324): WooCommerce->init('')
#8 C:\MAMP\htdocs\wordpress\wp-includes\class-wp-hook.php(348): WP_Hook->apply_filters(NULL, Array)
#9 C:\MAMP\htdocs\wordpress\wp-includes\plugin.php(517): WP_Hook->do_action(Array)
#10 C:\MAMP\htdocs\wordpress\wp-settings.php(700): do_action('init')
#11 C:\MAMP\htdocs\wordpress\wp-config.php(96): require_once('C:\\MAMP\\htdocs\\...')
#12 C:\MAMP\htdocs\wordpress\wp-load.php(50): require_once('C:\\MAMP\\htdocs\\...')
#13 C:\MAMP\htdocs\wordpress\wp-admin\admin-ajax.php(22): require_once('C:\\MAMP\\htdocs\\...')
#14 {main}
  thrown in C:\MAMP\htdocs\wordpress\wp-content\plugins\woocommerce\includes\abstracts\abstract-wc-data.php on line 943

2024-08-07T21:08:42+00:00 CRITICAL Uncaught WC_Data_Exception: Invalid billing email address in C:\MAMP\htdocs\wordpress\wp-content\plugins\woocommerce\includes\abstracts\abstract-wc-data.php:943
Stack trace:
#0 C:\MAMP\htdocs\wordpress\wp-content\plugins\woocommerce\includes\class-wc-customer.php(1045): WC_Data->error('customer_invali...', 'Invalid billing...')
#1 C:\MAMP\htdocs\wordpress\wp-content\plugins\woocommerce\includes\data-stores\class-wc-customer-data-store-session.php(114): WC_Customer->set_billing_email('admin@localhost')
#2 C:\MAMP\htdocs\wordpress\wp-content\plugins\woocommerce\includes\class-wc-data-store.php(159): WC_Customer_Data_Store_Session->read(Object(WC_Customer))
#3 C:\MAMP\htdocs\wordpress\wp-content\plugins\woocommerce\includes\class-wc-customer.php(125): WC_Data_Store->read(Object(WC_Customer))
#4 C:\MAMP\htdocs\wordpress\wp-content\plugins\woocommerce\includes\class-woocommerce.php(881): WC_Customer->__construct(1, true)
#5 C:\MAMP\htdocs\wordpress\wp-content\plugins\woocommerce\includes\wc-core-functions.php(2569): WooCommerce->initialize_cart()
#6 C:\MAMP\htdocs\wordpress\wp-content\plugins\woocommerce\includes\class-woocommerce.php(700): wc_load_cart()
#7 C:\MAMP\htdocs\wordpress\wp-includes\class-wp-hook.php(324): WooCommerce->init('')
#8 C:\MAMP\htdocs\wordpress\wp-includes\class-wp-hook.php(348): WP_Hook->apply_filters(NULL, Array)
#9 C:\MAMP\htdocs\wordpress\wp-includes\plugin.php(517): WP_Hook->do_action(Array)
#10 C:\MAMP\htdocs\wordpress\wp-settings.php(700): do_action('init')
#11 C:\MAMP\htdocs\wordpress\wp-config.php(96): require_once('C:\\MAMP\\htdocs\\...')
#12 C:\MAMP\htdocs\wordpress\wp-load.php(50): require_once('C:\\MAMP\\htdocs\\...')
#13 C:\MAMP\htdocs\wordpress\wp-admin\admin-ajax.php(22): require_once('C:\\MAMP\\htdocs\\...')
#14 {main}
  thrown in C:\MAMP\htdocs\wordpress\wp-content\plugins\woocommerce\includes\abstracts\abstract-wc-data.php on line 943

2024-08-07T21:10:45+00:00 CRITICAL Uncaught WC_Data_Exception: Invalid billing email address in C:\MAMP\htdocs\wordpress\wp-content\plugins\woocommerce\includes\abstracts\abstract-wc-data.php:943
Stack trace:
#0 C:\MAMP\htdocs\wordpress\wp-content\plugins\woocommerce\includes\class-wc-customer.php(1045): WC_Data->error('customer_invali...', 'Invalid billing...')
#1 C:\MAMP\htdocs\wordpress\wp-content\plugins\woocommerce\includes\data-stores\class-wc-customer-data-store-session.php(114): WC_Customer->set_billing_email('admin@localhost')
#2 C:\MAMP\htdocs\wordpress\wp-content\plugins\woocommerce\includes\class-wc-data-store.php(159): WC_Customer_Data_Store_Session->read(Object(WC_Customer))
#3 C:\MAMP\htdocs\wordpress\wp-content\plugins\woocommerce\includes\class-wc-customer.php(125): WC_Data_Store->read(Object(WC_Customer))
#4 C:\MAMP\htdocs\wordpress\wp-content\plugins\woocommerce\includes\class-woocommerce.php(881): WC_Customer->__construct(1, true)
#5 C:\MAMP\htdocs\wordpress\wp-content\plugins\woocommerce\includes\wc-core-functions.php(2569): WooCommerce->initialize_cart()
#6 C:\MAMP\htdocs\wordpress\wp-content\plugins\woocommerce\includes\class-woocommerce.php(700): wc_load_cart()
#7 C:\MAMP\htdocs\wordpress\wp-includes\class-wp-hook.php(324): WooCommerce->init('')
#8 C:\MAMP\htdocs\wordpress\wp-includes\class-wp-hook.php(348): WP_Hook->apply_filters(NULL, Array)
#9 C:\MAMP\htdocs\wordpress\wp-includes\plugin.php(517): WP_Hook->do_action(Array)
#10 C:\MAMP\htdocs\wordpress\wp-settings.php(700): do_action('init')
#11 C:\MAMP\htdocs\wordpress\wp-config.php(96): require_once('C:\\MAMP\\htdocs\\...')
#12 C:\MAMP\htdocs\wordpress\wp-load.php(50): require_once('C:\\MAMP\\htdocs\\...')
#13 C:\MAMP\htdocs\wordpress\wp-admin\admin-ajax.php(22): require_once('C:\\MAMP\\htdocs\\...')
#14 {main}
  thrown in C:\MAMP\htdocs\wordpress\wp-content\plugins\woocommerce\includes\abstracts\abstract-wc-data.php on line 943

2024-08-07T21:12:45+00:00 CRITICAL Uncaught WC_Data_Exception: Invalid billing email address in C:\MAMP\htdocs\wordpress\wp-content\plugins\woocommerce\includes\abstracts\abstract-wc-data.php:943
Stack trace:
#0 C:\MAMP\htdocs\wordpress\wp-content\plugins\woocommerce\includes\class-wc-customer.php(1045): WC_Data->error('customer_invali...', 'Invalid billing...')
#1 C:\MAMP\htdocs\wordpress\wp-content\plugins\woocommerce\includes\data-stores\class-wc-customer-data-store-session.php(114): WC_Customer->set_billing_email('admin@localhost')
#2 C:\MAMP\htdocs\wordpress\wp-content\plugins\woocommerce\includes\class-wc-data-store.php(159): WC_Customer_Data_Store_Session->read(Object(WC_Customer))
#3 C:\MAMP\htdocs\wordpress\wp-content\plugins\woocommerce\includes\class-wc-customer.php(125): WC_Data_Store->read(Object(WC_Customer))
#4 C:\MAMP\htdocs\wordpress\wp-content\plugins\woocommerce\includes\class-woocommerce.php(881): WC_Customer->__construct(1, true)
#5 C:\MAMP\htdocs\wordpress\wp-content\plugins\woocommerce\includes\wc-core-functions.php(2569): WooCommerce->initialize_cart()
#6 C:\MAMP\htdocs\wordpress\wp-content\plugins\woocommerce\includes\class-woocommerce.php(700): wc_load_cart()
#7 C:\MAMP\htdocs\wordpress\wp-includes\class-wp-hook.php(324): WooCommerce->init('')
#8 C:\MAMP\htdocs\wordpress\wp-includes\class-wp-hook.php(348): WP_Hook->apply_filters(NULL, Array)
#9 C:\MAMP\htdocs\wordpress\wp-includes\plugin.php(517): WP_Hook->do_action(Array)
#10 C:\MAMP\htdocs\wordpress\wp-settings.php(700): do_action('init')
#11 C:\MAMP\htdocs\wordpress\wp-config.php(96): require_once('C:\\MAMP\\htdocs\\...')
#12 C:\MAMP\htdocs\wordpress\wp-load.php(50): require_once('C:\\MAMP\\htdocs\\...')
#13 C:\MAMP\htdocs\wordpress\wp-admin\admin-ajax.php(22): require_once('C:\\MAMP\\htdocs\\...')
#14 {main}
  thrown in C:\MAMP\htdocs\wordpress\wp-content\plugins\woocommerce\includes\abstracts\abstract-wc-data.php on line 943

2024-08-07T21:14:46+00:00 CRITICAL Uncaught WC_Data_Exception: Invalid billing email address in C:\MAMP\htdocs\wordpress\wp-content\plugins\woocommerce\includes\abstracts\abstract-wc-data.php:943
Stack trace:
#0 C:\MAMP\htdocs\wordpress\wp-content\plugins\woocommerce\includes\class-wc-customer.php(1045): WC_Data->error('customer_invali...', 'Invalid billing...')
#1 C:\MAMP\htdocs\wordpress\wp-content\plugins\woocommerce\includes\data-stores\class-wc-customer-data-store-session.php(114): WC_Customer->set_billing_email('admin@localhost')
#2 C:\MAMP\htdocs\wordpress\wp-content\plugins\woocommerce\includes\class-wc-data-store.php(159): WC_Customer_Data_Store_Session->read(Object(WC_Customer))
#3 C:\MAMP\htdocs\wordpress\wp-content\plugins\woocommerce\includes\class-wc-customer.php(125): WC_Data_Store->read(Object(WC_Customer))
#4 C:\MAMP\htdocs\wordpress\wp-content\plugins\woocommerce\includes\class-woocommerce.php(881): WC_Customer->__construct(1, true)
#5 C:\MAMP\htdocs\wordpress\wp-content\plugins\woocommerce\includes\wc-core-functions.php(2569): WooCommerce->initialize_cart()
#6 C:\MAMP\htdocs\wordpress\wp-content\plugins\woocommerce\includes\class-woocommerce.php(700): wc_load_cart()
#7 C:\MAMP\htdocs\wordpress\wp-includes\class-wp-hook.php(324): WooCommerce->init('')
#8 C:\MAMP\htdocs\wordpress\wp-includes\class-wp-hook.php(348): WP_Hook->apply_filters(NULL, Array)
#9 C:\MAMP\htdocs\wordpress\wp-includes\plugin.php(517): WP_Hook->do_action(Array)
#10 C:\MAMP\htdocs\wordpress\wp-settings.php(700): do_action('init')
#11 C:\MAMP\htdocs\wordpress\wp-config.php(96): require_once('C:\\MAMP\\htdocs\\...')
#12 C:\MAMP\htdocs\wordpress\wp-load.php(50): require_once('C:\\MAMP\\htdocs\\...')
#13 C:\MAMP\htdocs\wordpress\wp-admin\admin-ajax.php(22): require_once('C:\\MAMP\\htdocs\\...')
#14 {main}
  thrown in C:\MAMP\htdocs\wordpress\wp-content\plugins\woocommerce\includes\abstracts\abstract-wc-data.php on line 943

2024-08-07T21:16:47+00:00 CRITICAL Uncaught WC_Data_Exception: Invalid billing email address in C:\MAMP\htdocs\wordpress\wp-content\plugins\woocommerce\includes\abstracts\abstract-wc-data.php:943
Stack trace:
#0 C:\MAMP\htdocs\wordpress\wp-content\plugins\woocommerce\includes\class-wc-customer.php(1045): WC_Data->error('customer_invali...', 'Invalid billing...')
#1 C:\MAMP\htdocs\wordpress\wp-content\plugins\woocommerce\includes\data-stores\class-wc-customer-data-store-session.php(114): WC_Customer->set_billing_email('admin@localhost')
#2 C:\MAMP\htdocs\wordpress\wp-content\plugins\woocommerce\includes\class-wc-data-store.php(159): WC_Customer_Data_Store_Session->read(Object(WC_Customer))
#3 C:\MAMP\htdocs\wordpress\wp-content\plugins\woocommerce\includes\class-wc-customer.php(125): WC_Data_Store->read(Object(WC_Customer))
#4 C:\MAMP\htdocs\wordpress\wp-content\plugins\woocommerce\includes\class-woocommerce.php(881): WC_Customer->__construct(1, true)
#5 C:\MAMP\htdocs\wordpress\wp-content\plugins\woocommerce\includes\wc-core-functions.php(2569): WooCommerce->initialize_cart()
#6 C:\MAMP\htdocs\wordpress\wp-content\plugins\woocommerce\includes\class-woocommerce.php(700): wc_load_cart()
#7 C:\MAMP\htdocs\wordpress\wp-includes\class-wp-hook.php(324): WooCommerce->init('')
#8 C:\MAMP\htdocs\wordpress\wp-includes\class-wp-hook.php(348): WP_Hook->apply_filters(NULL, Array)
#9 C:\MAMP\htdocs\wordpress\wp-includes\plugin.php(517): WP_Hook->do_action(Array)
#10 C:\MAMP\htdocs\wordpress\wp-settings.php(700): do_action('init')
#11 C:\MAMP\htdocs\wordpress\wp-config.php(96): require_once('C:\\MAMP\\htdocs\\...')
#12 C:\MAMP\htdocs\wordpress\wp-load.php(50): require_once('C:\\MAMP\\htdocs\\...')
#13 C:\MAMP\htdocs\wordpress\wp-admin\admin-ajax.php(22): require_once('C:\\MAMP\\htdocs\\...')
#14 {main}
  thrown in C:\MAMP\htdocs\wordpress\wp-content\plugins\woocommerce\includes\abstracts\abstract-wc-data.php on line 943

2024-08-07T21:18:48+00:00 CRITICAL Uncaught WC_Data_Exception: Invalid billing email address in C:\MAMP\htdocs\wordpress\wp-content\plugins\woocommerce\includes\abstracts\abstract-wc-data.php:943
Stack trace:
#0 C:\MAMP\htdocs\wordpress\wp-content\plugins\woocommerce\includes\class-wc-customer.php(1045): WC_Data->error('customer_invali...', 'Invalid billing...')
#1 C:\MAMP\htdocs\wordpress\wp-content\plugins\woocommerce\includes\data-stores\class-wc-customer-data-store-session.php(114): WC_Customer->set_billing_email('admin@localhost')
#2 C:\MAMP\htdocs\wordpress\wp-content\plugins\woocommerce\includes\class-wc-data-store.php(159): WC_Customer_Data_Store_Session->read(Object(WC_Customer))
#3 C:\MAMP\htdocs\wordpress\wp-content\plugins\woocommerce\includes\class-wc-customer.php(125): WC_Data_Store->read(Object(WC_Customer))
#4 C:\MAMP\htdocs\wordpress\wp-content\plugins\woocommerce\includes\class-woocommerce.php(881): WC_Customer->__construct(1, true)
#5 C:\MAMP\htdocs\wordpress\wp-content\plugins\woocommerce\includes\wc-core-functions.php(2569): WooCommerce->initialize_cart()
#6 C:\MAMP\htdocs\wordpress\wp-content\plugins\woocommerce\includes\class-woocommerce.php(700): wc_load_cart()
#7 C:\MAMP\htdocs\wordpress\wp-includes\class-wp-hook.php(324): WooCommerce->init('')
#8 C:\MAMP\htdocs\wordpress\wp-includes\class-wp-hook.php(348): WP_Hook->apply_filters(NULL, Array)
#9 C:\MAMP\htdocs\wordpress\wp-includes\plugin.php(517): WP_Hook->do_action(Array)
#10 C:\MAMP\htdocs\wordpress\wp-settings.php(700): do_action('init')
#11 C:\MAMP\htdocs\wordpress\wp-config.php(96): require_once('C:\\MAMP\\htdocs\\...')
#12 C:\MAMP\htdocs\wordpress\wp-load.php(50): require_once('C:\\MAMP\\htdocs\\...')
#13 C:\MAMP\htdocs\wordpress\wp-admin\admin-ajax.php(22): require_once('C:\\MAMP\\htdocs\\...')
#14 {main}
  thrown in C:\MAMP\htdocs\wordpress\wp-content\plugins\woocommerce\includes\abstracts\abstract-wc-data.php on line 943

2024-08-07T21:20:50+00:00 CRITICAL Uncaught WC_Data_Exception: Invalid billing email address in C:\MAMP\htdocs\wordpress\wp-content\plugins\woocommerce\includes\abstracts\abstract-wc-data.php:943
Stack trace:
#0 C:\MAMP\htdocs\wordpress\wp-content\plugins\woocommerce\includes\class-wc-customer.php(1045): WC_Data->error('customer_invali...', 'Invalid billing...')
#1 C:\MAMP\htdocs\wordpress\wp-content\plugins\woocommerce\includes\data-stores\class-wc-customer-data-store-session.php(114): WC_Customer->set_billing_email('admin@localhost')
#2 C:\MAMP\htdocs\wordpress\wp-content\plugins\woocommerce\includes\class-wc-data-store.php(159): WC_Customer_Data_Store_Session->read(Object(WC_Customer))
#3 C:\MAMP\htdocs\wordpress\wp-content\plugins\woocommerce\includes\class-wc-customer.php(125): WC_Data_Store->read(Object(WC_Customer))
#4 C:\MAMP\htdocs\wordpress\wp-content\plugins\woocommerce\includes\class-woocommerce.php(881): WC_Customer->__construct(1, true)
#5 C:\MAMP\htdocs\wordpress\wp-content\plugins\woocommerce\includes\wc-core-functions.php(2569): WooCommerce->initialize_cart()
#6 C:\MAMP\htdocs\wordpress\wp-content\plugins\woocommerce\includes\class-woocommerce.php(700): wc_load_cart()
#7 C:\MAMP\htdocs\wordpress\wp-includes\class-wp-hook.php(324): WooCommerce->init('')
#8 C:\MAMP\htdocs\wordpress\wp-includes\class-wp-hook.php(348): WP_Hook->apply_filters(NULL, Array)
#9 C:\MAMP\htdocs\wordpress\wp-includes\plugin.php(517): WP_Hook->do_action(Array)
#10 C:\MAMP\htdocs\wordpress\wp-settings.php(700): do_action('init')
#11 C:\MAMP\htdocs\wordpress\wp-config.php(96): require_once('C:\\MAMP\\htdocs\\...')
#12 C:\MAMP\htdocs\wordpress\wp-load.php(50): require_once('C:\\MAMP\\htdocs\\...')
#13 C:\MAMP\htdocs\wordpress\wp-admin\admin-ajax.php(22): require_once('C:\\MAMP\\htdocs\\...')
#14 {main}
  thrown in C:\MAMP\htdocs\wordpress\wp-content\plugins\woocommerce\includes\abstracts\abstract-wc-data.php on line 943

2024-08-07T21:21:14+00:00 CRITICAL Uncaught WC_Data_Exception: Invalid billing email address in C:\MAMP\htdocs\wordpress\wp-content\plugins\woocommerce\includes\abstracts\abstract-wc-data.php:943
Stack trace:
#0 C:\MAMP\htdocs\wordpress\wp-content\plugins\woocommerce\includes\class-wc-customer.php(1045): WC_Data->error('customer_invali...', 'Invalid billing...')
#1 C:\MAMP\htdocs\wordpress\wp-content\plugins\woocommerce\includes\data-stores\class-wc-customer-data-store-session.php(114): WC_Customer->set_billing_email('admin@localhost')
#2 C:\MAMP\htdocs\wordpress\wp-content\plugins\woocommerce\includes\class-wc-data-store.php(159): WC_Customer_Data_Store_Session->read(Object(WC_Customer))
#3 C:\MAMP\htdocs\wordpress\wp-content\plugins\woocommerce\includes\class-wc-customer.php(125): WC_Data_Store->read(Object(WC_Customer))
#4 C:\MAMP\htdocs\wordpress\wp-content\plugins\woocommerce\includes\class-woocommerce.php(881): WC_Customer->__construct(1, true)
#5 C:\MAMP\htdocs\wordpress\wp-content\plugins\woocommerce\includes\wc-core-functions.php(2569): WooCommerce->initialize_cart()
#6 C:\MAMP\htdocs\wordpress\wp-content\plugins\woocommerce\includes\class-woocommerce.php(700): wc_load_cart()
#7 C:\MAMP\htdocs\wordpress\wp-includes\class-wp-hook.php(324): WooCommerce->init('')
#8 C:\MAMP\htdocs\wordpress\wp-includes\class-wp-hook.php(348): WP_Hook->apply_filters(NULL, Array)
#9 C:\MAMP\htdocs\wordpress\wp-includes\plugin.php(517): WP_Hook->do_action(Array)
#10 C:\MAMP\htdocs\wordpress\wp-settings.php(700): do_action('init')
#11 C:\MAMP\htdocs\wordpress\wp-config.php(96): require_once('C:\\MAMP\\htdocs\\...')
#12 C:\MAMP\htdocs\wordpress\wp-load.php(50): require_once('C:\\MAMP\\htdocs\\...')
#13 C:\MAMP\htdocs\wordpress\wp-admin\admin-ajax.php(22): require_once('C:\\MAMP\\htdocs\\...')
#14 {main}
  thrown in C:\MAMP\htdocs\wordpress\wp-content\plugins\woocommerce\includes\abstracts\abstract-wc-data.php on line 943

2024-08-07T21:21:15+00:00 CRITICAL Uncaught WC_Data_Exception: Invalid billing email address in C:\MAMP\htdocs\wordpress\wp-content\plugins\woocommerce\includes\abstracts\abstract-wc-data.php:943
Stack trace:
#0 C:\MAMP\htdocs\wordpress\wp-content\plugins\woocommerce\includes\class-wc-customer.php(1045): WC_Data->error('customer_invali...', 'Invalid billing...')
#1 C:\MAMP\htdocs\wordpress\wp-content\plugins\woocommerce\includes\data-stores\class-wc-customer-data-store-session.php(114): WC_Customer->set_billing_email('admin@localhost')
#2 C:\MAMP\htdocs\wordpress\wp-content\plugins\woocommerce\includes\class-wc-data-store.php(159): WC_Customer_Data_Store_Session->read(Object(WC_Customer))
#3 C:\MAMP\htdocs\wordpress\wp-content\plugins\woocommerce\includes\class-wc-customer.php(125): WC_Data_Store->read(Object(WC_Customer))
#4 C:\MAMP\htdocs\wordpress\wp-content\plugins\woocommerce\includes\class-woocommerce.php(881): WC_Customer->__construct(1, true)
#5 C:\MAMP\htdocs\wordpress\wp-content\plugins\woocommerce\includes\wc-core-functions.php(2569): WooCommerce->initialize_cart()
#6 C:\MAMP\htdocs\wordpress\wp-content\plugins\woocommerce\includes\class-woocommerce.php(700): wc_load_cart()
#7 C:\MAMP\htdocs\wordpress\wp-includes\class-wp-hook.php(324): WooCommerce->init('')
#8 C:\MAMP\htdocs\wordpress\wp-includes\class-wp-hook.php(348): WP_Hook->apply_filters(NULL, Array)
#9 C:\MAMP\htdocs\wordpress\wp-includes\plugin.php(517): WP_Hook->do_action(Array)
#10 C:\MAMP\htdocs\wordpress\wp-settings.php(700): do_action('init')
#11 C:\MAMP\htdocs\wordpress\wp-config.php(96): require_once('C:\\MAMP\\htdocs\\...')
#12 C:\MAMP\htdocs\wordpress\wp-load.php(50): require_once('C:\\MAMP\\htdocs\\...')
#13 C:\MAMP\htdocs\wordpress\wp-admin\admin-ajax.php(22): require_once('C:\\MAMP\\htdocs\\...')
#14 {main}
  thrown in C:\MAMP\htdocs\wordpress\wp-content\plugins\woocommerce\includes\abstracts\abstract-wc-data.php on line 943

2024-08-07T21:21:17+00:00 CRITICAL Uncaught WC_Data_Exception: Invalid billing email address in C:\MAMP\htdocs\wordpress\wp-content\plugins\woocommerce\includes\abstracts\abstract-wc-data.php:943
Stack trace:
#0 C:\MAMP\htdocs\wordpress\wp-content\plugins\woocommerce\includes\class-wc-customer.php(1045): WC_Data->error('customer_invali...', 'Invalid billing...')
#1 C:\MAMP\htdocs\wordpress\wp-content\plugins\woocommerce\includes\data-stores\class-wc-customer-data-store-session.php(114): WC_Customer->set_billing_email('admin@localhost')
#2 C:\MAMP\htdocs\wordpress\wp-content\plugins\woocommerce\includes\class-wc-data-store.php(159): WC_Customer_Data_Store_Session->read(Object(WC_Customer))
#3 C:\MAMP\htdocs\wordpress\wp-content\plugins\woocommerce\includes\class-wc-customer.php(125): WC_Data_Store->read(Object(WC_Customer))
#4 C:\MAMP\htdocs\wordpress\wp-content\plugins\woocommerce\includes\class-woocommerce.php(881): WC_Customer->__construct(1, true)
#5 C:\MAMP\htdocs\wordpress\wp-content\plugins\woocommerce\includes\wc-core-functions.php(2569): WooCommerce->initialize_cart()
#6 C:\MAMP\htdocs\wordpress\wp-content\plugins\woocommerce\includes\class-woocommerce.php(700): wc_load_cart()
#7 C:\MAMP\htdocs\wordpress\wp-includes\class-wp-hook.php(324): WooCommerce->init('')
#8 C:\MAMP\htdocs\wordpress\wp-includes\class-wp-hook.php(348): WP_Hook->apply_filters(NULL, Array)
#9 C:\MAMP\htdocs\wordpress\wp-includes\plugin.php(517): WP_Hook->do_action(Array)
#10 C:\MAMP\htdocs\wordpress\wp-settings.php(700): do_action('init')
#11 C:\MAMP\htdocs\wordpress\wp-config.php(96): require_once('C:\\MAMP\\htdocs\\...')
#12 C:\MAMP\htdocs\wordpress\wp-load.php(50): require_once('C:\\MAMP\\htdocs\\...')
#13 C:\MAMP\htdocs\wordpress\wp-admin\admin-ajax.php(22): require_once('C:\\MAMP\\htdocs\\...')
#14 {main}
  thrown in C:\MAMP\htdocs\wordpress\wp-content\plugins\woocommerce\includes\abstracts\abstract-wc-data.php on line 943

2024-08-07T21:22:14+00:00 CRITICAL Uncaught WC_Data_Exception: Invalid billing email address in C:\MAMP\htdocs\wordpress\wp-content\plugins\woocommerce\includes\abstracts\abstract-wc-data.php:943
Stack trace:
#0 C:\MAMP\htdocs\wordpress\wp-content\plugins\woocommerce\includes\class-wc-customer.php(1045): WC_Data->error('customer_invali...', 'Invalid billing...')
#1 C:\MAMP\htdocs\wordpress\wp-content\plugins\woocommerce\includes\data-stores\class-wc-customer-data-store-session.php(114): WC_Customer->set_billing_email('admin@localhost')
#2 C:\MAMP\htdocs\wordpress\wp-content\plugins\woocommerce\includes\class-wc-data-store.php(159): WC_Customer_Data_Store_Session->read(Object(WC_Customer))
#3 C:\MAMP\htdocs\wordpress\wp-content\plugins\woocommerce\includes\class-wc-customer.php(125): WC_Data_Store->read(Object(WC_Customer))
#4 C:\MAMP\htdocs\wordpress\wp-content\plugins\woocommerce\includes\class-woocommerce.php(881): WC_Customer->__construct(1, true)
#5 C:\MAMP\htdocs\wordpress\wp-content\plugins\woocommerce\includes\wc-core-functions.php(2569): WooCommerce->initialize_cart()
#6 C:\MAMP\htdocs\wordpress\wp-content\plugins\woocommerce\includes\class-woocommerce.php(700): wc_load_cart()
#7 C:\MAMP\htdocs\wordpress\wp-includes\class-wp-hook.php(324): WooCommerce->init('')
#8 C:\MAMP\htdocs\wordpress\wp-includes\class-wp-hook.php(348): WP_Hook->apply_filters(NULL, Array)
#9 C:\MAMP\htdocs\wordpress\wp-includes\plugin.php(517): WP_Hook->do_action(Array)
#10 C:\MAMP\htdocs\wordpress\wp-settings.php(700): do_action('init')
#11 C:\MAMP\htdocs\wordpress\wp-config.php(96): require_once('C:\\MAMP\\htdocs\\...')
#12 C:\MAMP\htdocs\wordpress\wp-load.php(50): require_once('C:\\MAMP\\htdocs\\...')
#13 C:\MAMP\htdocs\wordpress\wp-admin\admin-ajax.php(22): require_once('C:\\MAMP\\htdocs\\...')
#14 {main}
  thrown in C:\MAMP\htdocs\wordpress\wp-content\plugins\woocommerce\includes\abstracts\abstract-wc-data.php on line 943

2024-08-07T21:24:04+00:00 CRITICAL Uncaught WC_Data_Exception: Invalid billing email address in C:\MAMP\htdocs\wordpress\wp-content\plugins\woocommerce\includes\abstracts\abstract-wc-data.php:943
Stack trace:
#0 C:\MAMP\htdocs\wordpress\wp-content\plugins\woocommerce\includes\class-wc-customer.php(1045): WC_Data->error('customer_invali...', 'Invalid billing...')
#1 C:\MAMP\htdocs\wordpress\wp-content\plugins\woocommerce\includes\data-stores\class-wc-customer-data-store-session.php(114): WC_Customer->set_billing_email('admin@localhost')
#2 C:\MAMP\htdocs\wordpress\wp-content\plugins\woocommerce\includes\class-wc-data-store.php(159): WC_Customer_Data_Store_Session->read(Object(WC_Customer))
#3 C:\MAMP\htdocs\wordpress\wp-content\plugins\woocommerce\includes\class-wc-customer.php(125): WC_Data_Store->read(Object(WC_Customer))
#4 C:\MAMP\htdocs\wordpress\wp-content\plugins\woocommerce\includes\class-woocommerce.php(881): WC_Customer->__construct(1, true)
#5 C:\MAMP\htdocs\wordpress\wp-content\plugins\woocommerce\includes\wc-core-functions.php(2569): WooCommerce->initialize_cart()
#6 C:\MAMP\htdocs\wordpress\wp-content\plugins\woocommerce\includes\class-woocommerce.php(700): wc_load_cart()
#7 C:\MAMP\htdocs\wordpress\wp-includes\class-wp-hook.php(324): WooCommerce->init('')
#8 C:\MAMP\htdocs\wordpress\wp-includes\class-wp-hook.php(348): WP_Hook->apply_filters(NULL, Array)
#9 C:\MAMP\htdocs\wordpress\wp-includes\plugin.php(517): WP_Hook->do_action(Array)
#10 C:\MAMP\htdocs\wordpress\wp-settings.php(700): do_action('init')
#11 C:\MAMP\htdocs\wordpress\wp-config.php(96): require_once('C:\\MAMP\\htdocs\\...')
#12 C:\MAMP\htdocs\wordpress\wp-load.php(50): require_once('C:\\MAMP\\htdocs\\...')
#13 C:\MAMP\htdocs\wordpress\wp-admin\admin-ajax.php(22): require_once('C:\\MAMP\\htdocs\\...')
#14 {main}
  thrown in C:\MAMP\htdocs\wordpress\wp-content\plugins\woocommerce\includes\abstracts\abstract-wc-data.php on line 943

2024-08-07T21:24:15+00:00 CRITICAL Uncaught WC_Data_Exception: Invalid billing email address in C:\MAMP\htdocs\wordpress\wp-content\plugins\woocommerce\includes\abstracts\abstract-wc-data.php:943
Stack trace:
#0 C:\MAMP\htdocs\wordpress\wp-content\plugins\woocommerce\includes\class-wc-customer.php(1045): WC_Data->error('customer_invali...', 'Invalid billing...')
#1 C:\MAMP\htdocs\wordpress\wp-content\plugins\woocommerce\includes\data-stores\class-wc-customer-data-store-session.php(114): WC_Customer->set_billing_email('admin@localhost')
#2 C:\MAMP\htdocs\wordpress\wp-content\plugins\woocommerce\includes\class-wc-data-store.php(159): WC_Customer_Data_Store_Session->read(Object(WC_Customer))
#3 C:\MAMP\htdocs\wordpress\wp-content\plugins\woocommerce\includes\class-wc-customer.php(125): WC_Data_Store->read(Object(WC_Customer))
#4 C:\MAMP\htdocs\wordpress\wp-content\plugins\woocommerce\includes\class-woocommerce.php(881): WC_Customer->__construct(1, true)
#5 C:\MAMP\htdocs\wordpress\wp-content\plugins\woocommerce\includes\wc-core-functions.php(2569): WooCommerce->initialize_cart()
#6 C:\MAMP\htdocs\wordpress\wp-content\plugins\woocommerce\includes\class-woocommerce.php(700): wc_load_cart()
#7 C:\MAMP\htdocs\wordpress\wp-includes\class-wp-hook.php(324): WooCommerce->init('')
#8 C:\MAMP\htdocs\wordpress\wp-includes\class-wp-hook.php(348): WP_Hook->apply_filters(NULL, Array)
#9 C:\MAMP\htdocs\wordpress\wp-includes\plugin.php(517): WP_Hook->do_action(Array)
#10 C:\MAMP\htdocs\wordpress\wp-settings.php(700): do_action('init')
#11 C:\MAMP\htdocs\wordpress\wp-config.php(96): require_once('C:\\MAMP\\htdocs\\...')
#12 C:\MAMP\htdocs\wordpress\wp-load.php(50): require_once('C:\\MAMP\\htdocs\\...')
#13 C:\MAMP\htdocs\wordpress\wp-admin\admin-ajax.php(22): require_once('C:\\MAMP\\htdocs\\...')
#14 {main}
  thrown in C:\MAMP\htdocs\wordpress\wp-content\plugins\woocommerce\includes\abstracts\abstract-wc-data.php on line 943

2024-08-07T21:24:16+00:00 CRITICAL Uncaught WC_Data_Exception: Invalid billing email address in C:\MAMP\htdocs\wordpress\wp-content\plugins\woocommerce\includes\abstracts\abstract-wc-data.php:943
Stack trace:
#0 C:\MAMP\htdocs\wordpress\wp-content\plugins\woocommerce\includes\class-wc-customer.php(1045): WC_Data->error('customer_invali...', 'Invalid billing...')
#1 C:\MAMP\htdocs\wordpress\wp-content\plugins\woocommerce\includes\data-stores\class-wc-customer-data-store-session.php(114): WC_Customer->set_billing_email('admin@localhost')
#2 C:\MAMP\htdocs\wordpress\wp-content\plugins\woocommerce\includes\class-wc-data-store.php(159): WC_Customer_Data_Store_Session->read(Object(WC_Customer))
#3 C:\MAMP\htdocs\wordpress\wp-content\plugins\woocommerce\includes\class-wc-customer.php(125): WC_Data_Store->read(Object(WC_Customer))
#4 C:\MAMP\htdocs\wordpress\wp-content\plugins\woocommerce\includes\class-woocommerce.php(881): WC_Customer->__construct(1, true)
#5 C:\MAMP\htdocs\wordpress\wp-content\plugins\woocommerce\includes\wc-core-functions.php(2569): WooCommerce->initialize_cart()
#6 C:\MAMP\htdocs\wordpress\wp-content\plugins\woocommerce\includes\class-woocommerce.php(700): wc_load_cart()
#7 C:\MAMP\htdocs\wordpress\wp-includes\class-wp-hook.php(324): WooCommerce->init('')
#8 C:\MAMP\htdocs\wordpress\wp-includes\class-wp-hook.php(348): WP_Hook->apply_filters(NULL, Array)
#9 C:\MAMP\htdocs\wordpress\wp-includes\plugin.php(517): WP_Hook->do_action(Array)
#10 C:\MAMP\htdocs\wordpress\wp-settings.php(700): do_action('init')
#11 C:\MAMP\htdocs\wordpress\wp-config.php(96): require_once('C:\\MAMP\\htdocs\\...')
#12 C:\MAMP\htdocs\wordpress\wp-load.php(50): require_once('C:\\MAMP\\htdocs\\...')
#13 C:\MAMP\htdocs\wordpress\wp-admin\admin-ajax.php(22): require_once('C:\\MAMP\\htdocs\\...')
#14 {main}
  thrown in C:\MAMP\htdocs\wordpress\wp-content\plugins\woocommerce\includes\abstracts\abstract-wc-data.php on line 943

2024-08-07T21:24:16+00:00 CRITICAL Uncaught WC_Data_Exception: Invalid billing email address in C:\MAMP\htdocs\wordpress\wp-content\plugins\woocommerce\includes\abstracts\abstract-wc-data.php:943
Stack trace:
#0 C:\MAMP\htdocs\wordpress\wp-content\plugins\woocommerce\includes\class-wc-customer.php(1045): WC_Data->error('customer_invali...', 'Invalid billing...')
#1 C:\MAMP\htdocs\wordpress\wp-content\plugins\woocommerce\includes\data-stores\class-wc-customer-data-store-session.php(114): WC_Customer->set_billing_email('admin@localhost')
#2 C:\MAMP\htdocs\wordpress\wp-content\plugins\woocommerce\includes\class-wc-data-store.php(159): WC_Customer_Data_Store_Session->read(Object(WC_Customer))
#3 C:\MAMP\htdocs\wordpress\wp-content\plugins\woocommerce\includes\class-wc-customer.php(125): WC_Data_Store->read(Object(WC_Customer))
#4 C:\MAMP\htdocs\wordpress\wp-content\plugins\woocommerce\includes\class-woocommerce.php(881): WC_Customer->__construct(1, true)
#5 C:\MAMP\htdocs\wordpress\wp-content\plugins\woocommerce\includes\wc-core-functions.php(2569): WooCommerce->initialize_cart()
#6 C:\MAMP\htdocs\wordpress\wp-content\plugins\woocommerce\includes\class-woocommerce.php(700): wc_load_cart()
#7 C:\MAMP\htdocs\wordpress\wp-includes\class-wp-hook.php(324): WooCommerce->init('')
#8 C:\MAMP\htdocs\wordpress\wp-includes\class-wp-hook.php(348): WP_Hook->apply_filters(NULL, Array)
#9 C:\MAMP\htdocs\wordpress\wp-includes\plugin.php(517): WP_Hook->do_action(Array)
#10 C:\MAMP\htdocs\wordpress\wp-settings.php(700): do_action('init')
#11 C:\MAMP\htdocs\wordpress\wp-config.php(96): require_once('C:\\MAMP\\htdocs\\...')
#12 C:\MAMP\htdocs\wordpress\wp-load.php(50): require_once('C:\\MAMP\\htdocs\\...')
#13 C:\MAMP\htdocs\wordpress\wp-admin\admin-ajax.php(22): require_once('C:\\MAMP\\htdocs\\...')
#14 {main}
  thrown in C:\MAMP\htdocs\wordpress\wp-content\plugins\woocommerce\includes\abstracts\abstract-wc-data.php on line 943

2024-08-07T21:24:18+00:00 CRITICAL Uncaught WC_Data_Exception: Invalid billing email address in C:\MAMP\htdocs\wordpress\wp-content\plugins\woocommerce\includes\abstracts\abstract-wc-data.php:943
Stack trace:
#0 C:\MAMP\htdocs\wordpress\wp-content\plugins\woocommerce\includes\class-wc-customer.php(1045): WC_Data->error('customer_invali...', 'Invalid billing...')
#1 C:\MAMP\htdocs\wordpress\wp-content\plugins\woocommerce\includes\data-stores\class-wc-customer-data-store-session.php(114): WC_Customer->set_billing_email('admin@localhost')
#2 C:\MAMP\htdocs\wordpress\wp-content\plugins\woocommerce\includes\class-wc-data-store.php(159): WC_Customer_Data_Store_Session->read(Object(WC_Customer))
#3 C:\MAMP\htdocs\wordpress\wp-content\plugins\woocommerce\includes\class-wc-customer.php(125): WC_Data_Store->read(Object(WC_Customer))
#4 C:\MAMP\htdocs\wordpress\wp-content\plugins\woocommerce\includes\class-woocommerce.php(881): WC_Customer->__construct(1, true)
#5 C:\MAMP\htdocs\wordpress\wp-content\plugins\woocommerce\includes\wc-core-functions.php(2569): WooCommerce->initialize_cart()
#6 C:\MAMP\htdocs\wordpress\wp-content\plugins\woocommerce\includes\class-woocommerce.php(700): wc_load_cart()
#7 C:\MAMP\htdocs\wordpress\wp-includes\class-wp-hook.php(324): WooCommerce->init('')
#8 C:\MAMP\htdocs\wordpress\wp-includes\class-wp-hook.php(348): WP_Hook->apply_filters(NULL, Array)
#9 C:\MAMP\htdocs\wordpress\wp-includes\plugin.php(517): WP_Hook->do_action(Array)
#10 C:\MAMP\htdocs\wordpress\wp-settings.php(700): do_action('init')
#11 C:\MAMP\htdocs\wordpress\wp-config.php(96): require_once('C:\\MAMP\\htdocs\\...')
#12 C:\MAMP\htdocs\wordpress\wp-load.php(50): require_once('C:\\MAMP\\htdocs\\...')
#13 C:\MAMP\htdocs\wordpress\wp-admin\admin-ajax.php(22): require_once('C:\\MAMP\\htdocs\\...')
#14 {main}
  thrown in C:\MAMP\htdocs\wordpress\wp-content\plugins\woocommerce\includes\abstracts\abstract-wc-data.php on line 943

2024-08-07T21:24:52+00:00 CRITICAL Uncaught WC_Data_Exception: Invalid billing email address in C:\MAMP\htdocs\wordpress\wp-content\plugins\woocommerce\includes\abstracts\abstract-wc-data.php:943
Stack trace:
#0 C:\MAMP\htdocs\wordpress\wp-content\plugins\woocommerce\includes\class-wc-customer.php(1045): WC_Data->error('customer_invali...', 'Invalid billing...')
#1 C:\MAMP\htdocs\wordpress\wp-content\plugins\woocommerce\includes\data-stores\class-wc-customer-data-store-session.php(114): WC_Customer->set_billing_email('admin@localhost')
#2 C:\MAMP\htdocs\wordpress\wp-content\plugins\woocommerce\includes\class-wc-data-store.php(159): WC_Customer_Data_Store_Session->read(Object(WC_Customer))
#3 C:\MAMP\htdocs\wordpress\wp-content\plugins\woocommerce\includes\class-wc-customer.php(125): WC_Data_Store->read(Object(WC_Customer))
#4 C:\MAMP\htdocs\wordpress\wp-content\plugins\woocommerce\includes\class-woocommerce.php(881): WC_Customer->__construct(1, true)
#5 C:\MAMP\htdocs\wordpress\wp-content\plugins\woocommerce\includes\wc-core-functions.php(2569): WooCommerce->initialize_cart()
#6 C:\MAMP\htdocs\wordpress\wp-content\plugins\woocommerce\includes\class-woocommerce.php(700): wc_load_cart()
#7 C:\MAMP\htdocs\wordpress\wp-includes\class-wp-hook.php(324): WooCommerce->init('')
#8 C:\MAMP\htdocs\wordpress\wp-includes\class-wp-hook.php(348): WP_Hook->apply_filters(NULL, Array)
#9 C:\MAMP\htdocs\wordpress\wp-includes\plugin.php(517): WP_Hook->do_action(Array)
#10 C:\MAMP\htdocs\wordpress\wp-settings.php(700): do_action('init')
#11 C:\MAMP\htdocs\wordpress\wp-config.php(96): require_once('C:\\MAMP\\htdocs\\...')
#12 C:\MAMP\htdocs\wordpress\wp-load.php(50): require_once('C:\\MAMP\\htdocs\\...')
#13 C:\MAMP\htdocs\wordpress\wp-admin\admin-ajax.php(22): require_once('C:\\MAMP\\htdocs\\...')
#14 {main}
  thrown in C:\MAMP\htdocs\wordpress\wp-content\plugins\woocommerce\includes\abstracts\abstract-wc-data.php on line 943

2024-08-07T21:24:52+00:00 CRITICAL Uncaught WC_Data_Exception: Invalid billing email address in C:\MAMP\htdocs\wordpress\wp-content\plugins\woocommerce\includes\abstracts\abstract-wc-data.php:943
Stack trace:
#0 C:\MAMP\htdocs\wordpress\wp-content\plugins\woocommerce\includes\class-wc-customer.php(1045): WC_Data->error('customer_invali...', 'Invalid billing...')
#1 C:\MAMP\htdocs\wordpress\wp-content\plugins\woocommerce\includes\data-stores\class-wc-customer-data-store-session.php(114): WC_Customer->set_billing_email('admin@localhost')
#2 C:\MAMP\htdocs\wordpress\wp-content\plugins\woocommerce\includes\class-wc-data-store.php(159): WC_Customer_Data_Store_Session->read(Object(WC_Customer))
#3 C:\MAMP\htdocs\wordpress\wp-content\plugins\woocommerce\includes\class-wc-customer.php(125): WC_Data_Store->read(Object(WC_Customer))
#4 C:\MAMP\htdocs\wordpress\wp-content\plugins\woocommerce\includes\class-woocommerce.php(881): WC_Customer->__construct(1, true)
#5 C:\MAMP\htdocs\wordpress\wp-content\plugins\woocommerce\includes\wc-core-functions.php(2569): WooCommerce->initialize_cart()
#6 C:\MAMP\htdocs\wordpress\wp-content\plugins\woocommerce\includes\class-woocommerce.php(700): wc_load_cart()
#7 C:\MAMP\htdocs\wordpress\wp-includes\class-wp-hook.php(324): WooCommerce->init('')
#8 C:\MAMP\htdocs\wordpress\wp-includes\class-wp-hook.php(348): WP_Hook->apply_filters(NULL, Array)
#9 C:\MAMP\htdocs\wordpress\wp-includes\plugin.php(517): WP_Hook->do_action(Array)
#10 C:\MAMP\htdocs\wordpress\wp-settings.php(700): do_action('init')
#11 C:\MAMP\htdocs\wordpress\wp-config.php(96): require_once('C:\\MAMP\\htdocs\\...')
#12 C:\MAMP\htdocs\wordpress\wp-load.php(50): require_once('C:\\MAMP\\htdocs\\...')
#13 C:\MAMP\htdocs\wordpress\wp-admin\admin-ajax.php(22): require_once('C:\\MAMP\\htdocs\\...')
#14 {main}
  thrown in C:\MAMP\htdocs\wordpress\wp-content\plugins\woocommerce\includes\abstracts\abstract-wc-data.php on line 943

2024-08-07T21:24:54+00:00 CRITICAL Uncaught WC_Data_Exception: Invalid billing email address in C:\MAMP\htdocs\wordpress\wp-content\plugins\woocommerce\includes\abstracts\abstract-wc-data.php:943
Stack trace:
#0 C:\MAMP\htdocs\wordpress\wp-content\plugins\woocommerce\includes\class-wc-customer.php(1045): WC_Data->error('customer_invali...', 'Invalid billing...')
#1 C:\MAMP\htdocs\wordpress\wp-content\plugins\woocommerce\includes\data-stores\class-wc-customer-data-store-session.php(114): WC_Customer->set_billing_email('admin@localhost')
#2 C:\MAMP\htdocs\wordpress\wp-content\plugins\woocommerce\includes\class-wc-data-store.php(159): WC_Customer_Data_Store_Session->read(Object(WC_Customer))
#3 C:\MAMP\htdocs\wordpress\wp-content\plugins\woocommerce\includes\class-wc-customer.php(125): WC_Data_Store->read(Object(WC_Customer))
#4 C:\MAMP\htdocs\wordpress\wp-content\plugins\woocommerce\includes\class-woocommerce.php(881): WC_Customer->__construct(1, true)
#5 C:\MAMP\htdocs\wordpress\wp-content\plugins\woocommerce\includes\wc-core-functions.php(2569): WooCommerce->initialize_cart()
#6 C:\MAMP\htdocs\wordpress\wp-content\plugins\woocommerce\includes\class-woocommerce.php(700): wc_load_cart()
#7 C:\MAMP\htdocs\wordpress\wp-includes\class-wp-hook.php(324): WooCommerce->init('')
#8 C:\MAMP\htdocs\wordpress\wp-includes\class-wp-hook.php(348): WP_Hook->apply_filters(NULL, Array)
#9 C:\MAMP\htdocs\wordpress\wp-includes\plugin.php(517): WP_Hook->do_action(Array)
#10 C:\MAMP\htdocs\wordpress\wp-settings.php(700): do_action('init')
#11 C:\MAMP\htdocs\wordpress\wp-config.php(96): require_once('C:\\MAMP\\htdocs\\...')
#12 C:\MAMP\htdocs\wordpress\wp-load.php(50): require_once('C:\\MAMP\\htdocs\\...')
#13 C:\MAMP\htdocs\wordpress\wp-admin\admin-ajax.php(22): require_once('C:\\MAMP\\htdocs\\...')
#14 {main}
  thrown in C:\MAMP\htdocs\wordpress\wp-content\plugins\woocommerce\includes\abstracts\abstract-wc-data.php on line 943

2024-08-07T21:25:03+00:00 CRITICAL Uncaught WC_Data_Exception: Invalid billing email address in C:\MAMP\htdocs\wordpress\wp-content\plugins\woocommerce\includes\abstracts\abstract-wc-data.php:943
Stack trace:
#0 C:\MAMP\htdocs\wordpress\wp-content\plugins\woocommerce\includes\class-wc-customer.php(1045): WC_Data->error('customer_invali...', 'Invalid billing...')
#1 C:\MAMP\htdocs\wordpress\wp-content\plugins\woocommerce\includes\data-stores\class-wc-customer-data-store-session.php(114): WC_Customer->set_billing_email('admin@localhost')
#2 C:\MAMP\htdocs\wordpress\wp-content\plugins\woocommerce\includes\class-wc-data-store.php(159): WC_Customer_Data_Store_Session->read(Object(WC_Customer))
#3 C:\MAMP\htdocs\wordpress\wp-content\plugins\woocommerce\includes\class-wc-customer.php(125): WC_Data_Store->read(Object(WC_Customer))
#4 C:\MAMP\htdocs\wordpress\wp-content\plugins\woocommerce\includes\class-woocommerce.php(881): WC_Customer->__construct(1, true)
#5 C:\MAMP\htdocs\wordpress\wp-content\plugins\woocommerce\includes\wc-core-functions.php(2569): WooCommerce->initialize_cart()
#6 C:\MAMP\htdocs\wordpress\wp-content\plugins\woocommerce\includes\class-woocommerce.php(700): wc_load_cart()
#7 C:\MAMP\htdocs\wordpress\wp-includes\class-wp-hook.php(324): WooCommerce->init('')
#8 C:\MAMP\htdocs\wordpress\wp-includes\class-wp-hook.php(348): WP_Hook->apply_filters(NULL, Array)
#9 C:\MAMP\htdocs\wordpress\wp-includes\plugin.php(517): WP_Hook->do_action(Array)
#10 C:\MAMP\htdocs\wordpress\wp-settings.php(700): do_action('init')
#11 C:\MAMP\htdocs\wordpress\wp-config.php(96): require_once('C:\\MAMP\\htdocs\\...')
#12 C:\MAMP\htdocs\wordpress\wp-load.php(50): require_once('C:\\MAMP\\htdocs\\...')
#13 C:\MAMP\htdocs\wordpress\wp-admin\admin-ajax.php(22): require_once('C:\\MAMP\\htdocs\\...')
#14 {main}
  thrown in C:\MAMP\htdocs\wordpress\wp-content\plugins\woocommerce\includes\abstracts\abstract-wc-data.php on line 943

2024-08-07T21:25:05+00:00 CRITICAL Uncaught WC_Data_Exception: Invalid billing email address in C:\MAMP\htdocs\wordpress\wp-content\plugins\woocommerce\includes\abstracts\abstract-wc-data.php:943
Stack trace:
#0 C:\MAMP\htdocs\wordpress\wp-content\plugins\woocommerce\includes\class-wc-customer.php(1045): WC_Data->error('customer_invali...', 'Invalid billing...')
#1 C:\MAMP\htdocs\wordpress\wp-content\plugins\woocommerce\includes\data-stores\class-wc-customer-data-store-session.php(114): WC_Customer->set_billing_email('admin@localhost')
#2 C:\MAMP\htdocs\wordpress\wp-content\plugins\woocommerce\includes\class-wc-data-store.php(159): WC_Customer_Data_Store_Session->read(Object(WC_Customer))
#3 C:\MAMP\htdocs\wordpress\wp-content\plugins\woocommerce\includes\class-wc-customer.php(125): WC_Data_Store->read(Object(WC_Customer))
#4 C:\MAMP\htdocs\wordpress\wp-content\plugins\woocommerce\includes\class-woocommerce.php(881): WC_Customer->__construct(1, true)
#5 C:\MAMP\htdocs\wordpress\wp-content\plugins\woocommerce\includes\wc-core-functions.php(2569): WooCommerce->initialize_cart()
#6 C:\MAMP\htdocs\wordpress\wp-content\plugins\woocommerce\includes\class-woocommerce.php(700): wc_load_cart()
#7 C:\MAMP\htdocs\wordpress\wp-includes\class-wp-hook.php(324): WooCommerce->init('')
#8 C:\MAMP\htdocs\wordpress\wp-includes\class-wp-hook.php(348): WP_Hook->apply_filters(NULL, Array)
#9 C:\MAMP\htdocs\wordpress\wp-includes\plugin.php(517): WP_Hook->do_action(Array)
#10 C:\MAMP\htdocs\wordpress\wp-settings.php(700): do_action('init')
#11 C:\MAMP\htdocs\wordpress\wp-config.php(96): require_once('C:\\MAMP\\htdocs\\...')
#12 C:\MAMP\htdocs\wordpress\wp-load.php(50): require_once('C:\\MAMP\\htdocs\\...')
#13 C:\MAMP\htdocs\wordpress\wp-admin\admin-ajax.php(22): require_once('C:\\MAMP\\htdocs\\...')
#14 {main}
  thrown in C:\MAMP\htdocs\wordpress\wp-content\plugins\woocommerce\includes\abstracts\abstract-wc-data.php on line 943

2024-08-07T21:25:13+00:00 CRITICAL Uncaught WC_Data_Exception: Invalid billing email address in C:\MAMP\htdocs\wordpress\wp-content\plugins\woocommerce\includes\abstracts\abstract-wc-data.php:943
Stack trace:
#0 C:\MAMP\htdocs\wordpress\wp-content\plugins\woocommerce\includes\class-wc-customer.php(1045): WC_Data->error('customer_invali...', 'Invalid billing...')
#1 C:\MAMP\htdocs\wordpress\wp-content\plugins\woocommerce\includes\data-stores\class-wc-customer-data-store-session.php(114): WC_Customer->set_billing_email('admin@localhost')
#2 C:\MAMP\htdocs\wordpress\wp-content\plugins\woocommerce\includes\class-wc-data-store.php(159): WC_Customer_Data_Store_Session->read(Object(WC_Customer))
#3 C:\MAMP\htdocs\wordpress\wp-content\plugins\woocommerce\includes\class-wc-customer.php(125): WC_Data_Store->read(Object(WC_Customer))
#4 C:\MAMP\htdocs\wordpress\wp-content\plugins\woocommerce\includes\class-woocommerce.php(881): WC_Customer->__construct(1, true)
#5 C:\MAMP\htdocs\wordpress\wp-content\plugins\woocommerce\includes\wc-core-functions.php(2569): WooCommerce->initialize_cart()
#6 C:\MAMP\htdocs\wordpress\wp-content\plugins\woocommerce\includes\class-woocommerce.php(700): wc_load_cart()
#7 C:\MAMP\htdocs\wordpress\wp-includes\class-wp-hook.php(324): WooCommerce->init('')
#8 C:\MAMP\htdocs\wordpress\wp-includes\class-wp-hook.php(348): WP_Hook->apply_filters(NULL, Array)
#9 C:\MAMP\htdocs\wordpress\wp-includes\plugin.php(517): WP_Hook->do_action(Array)
#10 C:\MAMP\htdocs\wordpress\wp-settings.php(700): do_action('init')
#11 C:\MAMP\htdocs\wordpress\wp-config.php(96): require_once('C:\\MAMP\\htdocs\\...')
#12 C:\MAMP\htdocs\wordpress\wp-load.php(50): require_once('C:\\MAMP\\htdocs\\...')
#13 C:\MAMP\htdocs\wordpress\wp-blog-header.php(13): require_once('C:\\MAMP\\htdocs\\...')
#14 C:\MAMP\htdocs\wordpress\index.php(17): require('C:\\MAMP\\htdocs\\...')
#15 {main}
  thrown in C:\MAMP\htdocs\wordpress\wp-content\plugins\woocommerce\includes\abstracts\abstract-wc-data.php on line 943

2024-08-07T21:25:40+00:00 CRITICAL Uncaught WC_Data_Exception: Invalid billing email address in C:\MAMP\htdocs\wordpress\wp-content\plugins\woocommerce\includes\abstracts\abstract-wc-data.php:943
Stack trace:
#0 C:\MAMP\htdocs\wordpress\wp-content\plugins\woocommerce\includes\class-wc-customer.php(1045): WC_Data->error('customer_invali...', 'Invalid billing...')
#1 C:\MAMP\htdocs\wordpress\wp-content\plugins\woocommerce\includes\data-stores\class-wc-customer-data-store-session.php(114): WC_Customer->set_billing_email('admin@localhost')
#2 C:\MAMP\htdocs\wordpress\wp-content\plugins\woocommerce\includes\class-wc-data-store.php(159): WC_Customer_Data_Store_Session->read(Object(WC_Customer))
#3 C:\MAMP\htdocs\wordpress\wp-content\plugins\woocommerce\includes\class-wc-customer.php(125): WC_Data_Store->read(Object(WC_Customer))
#4 C:\MAMP\htdocs\wordpress\wp-content\plugins\woocommerce\includes\class-woocommerce.php(881): WC_Customer->__construct(1, true)
#5 C:\MAMP\htdocs\wordpress\wp-content\plugins\woocommerce\includes\wc-core-functions.php(2569): WooCommerce->initialize_cart()
#6 C:\MAMP\htdocs\wordpress\wp-content\plugins\woocommerce\includes\class-woocommerce.php(700): wc_load_cart()
#7 C:\MAMP\htdocs\wordpress\wp-includes\class-wp-hook.php(324): WooCommerce->init('')
#8 C:\MAMP\htdocs\wordpress\wp-includes\class-wp-hook.php(348): WP_Hook->apply_filters(NULL, Array)
#9 C:\MAMP\htdocs\wordpress\wp-includes\plugin.php(517): WP_Hook->do_action(Array)
#10 C:\MAMP\htdocs\wordpress\wp-settings.php(700): do_action('init')
#11 C:\MAMP\htdocs\wordpress\wp-config.php(96): require_once('C:\\MAMP\\htdocs\\...')
#12 C:\MAMP\htdocs\wordpress\wp-load.php(50): require_once('C:\\MAMP\\htdocs\\...')
#13 C:\MAMP\htdocs\wordpress\wp-admin\admin-ajax.php(22): require_once('C:\\MAMP\\htdocs\\...')
#14 {main}
  thrown in C:\MAMP\htdocs\wordpress\wp-content\plugins\woocommerce\includes\abstracts\abstract-wc-data.php on line 943

2024-08-07T21:25:40+00:00 CRITICAL Uncaught WC_Data_Exception: Invalid billing email address in C:\MAMP\htdocs\wordpress\wp-content\plugins\woocommerce\includes\abstracts\abstract-wc-data.php:943
Stack trace:
#0 C:\MAMP\htdocs\wordpress\wp-content\plugins\woocommerce\includes\class-wc-customer.php(1045): WC_Data->error('customer_invali...', 'Invalid billing...')
#1 C:\MAMP\htdocs\wordpress\wp-content\plugins\woocommerce\includes\data-stores\class-wc-customer-data-store-session.php(114): WC_Customer->set_billing_email('admin@localhost')
#2 C:\MAMP\htdocs\wordpress\wp-content\plugins\woocommerce\includes\class-wc-data-store.php(159): WC_Customer_Data_Store_Session->read(Object(WC_Customer))
#3 C:\MAMP\htdocs\wordpress\wp-content\plugins\woocommerce\includes\class-wc-customer.php(125): WC_Data_Store->read(Object(WC_Customer))
#4 C:\MAMP\htdocs\wordpress\wp-content\plugins\woocommerce\includes\class-woocommerce.php(881): WC_Customer->__construct(1, true)
#5 C:\MAMP\htdocs\wordpress\wp-content\plugins\woocommerce\includes\wc-core-functions.php(2569): WooCommerce->initialize_cart()
#6 C:\MAMP\htdocs\wordpress\wp-content\plugins\woocommerce\includes\class-woocommerce.php(700): wc_load_cart()
#7 C:\MAMP\htdocs\wordpress\wp-includes\class-wp-hook.php(324): WooCommerce->init('')
#8 C:\MAMP\htdocs\wordpress\wp-includes\class-wp-hook.php(348): WP_Hook->apply_filters(NULL, Array)
#9 C:\MAMP\htdocs\wordpress\wp-includes\plugin.php(517): WP_Hook->do_action(Array)
#10 C:\MAMP\htdocs\wordpress\wp-settings.php(700): do_action('init')
#11 C:\MAMP\htdocs\wordpress\wp-config.php(96): require_once('C:\\MAMP\\htdocs\\...')
#12 C:\MAMP\htdocs\wordpress\wp-load.php(50): require_once('C:\\MAMP\\htdocs\\...')
#13 C:\MAMP\htdocs\wordpress\wp-admin\admin-ajax.php(22): require_once('C:\\MAMP\\htdocs\\...')
#14 {main}
  thrown in C:\MAMP\htdocs\wordpress\wp-content\plugins\woocommerce\includes\abstracts\abstract-wc-data.php on line 943

2024-08-07T21:25:42+00:00 CRITICAL Uncaught WC_Data_Exception: Invalid billing email address in C:\MAMP\htdocs\wordpress\wp-content\plugins\woocommerce\includes\abstracts\abstract-wc-data.php:943
Stack trace:
#0 C:\MAMP\htdocs\wordpress\wp-content\plugins\woocommerce\includes\class-wc-customer.php(1045): WC_Data->error('customer_invali...', 'Invalid billing...')
#1 C:\MAMP\htdocs\wordpress\wp-content\plugins\woocommerce\includes\data-stores\class-wc-customer-data-store-session.php(114): WC_Customer->set_billing_email('admin@localhost')
#2 C:\MAMP\htdocs\wordpress\wp-content\plugins\woocommerce\includes\class-wc-data-store.php(159): WC_Customer_Data_Store_Session->read(Object(WC_Customer))
#3 C:\MAMP\htdocs\wordpress\wp-content\plugins\woocommerce\includes\class-wc-customer.php(125): WC_Data_Store->read(Object(WC_Customer))
#4 C:\MAMP\htdocs\wordpress\wp-content\plugins\woocommerce\includes\class-woocommerce.php(881): WC_Customer->__construct(1, true)
#5 C:\MAMP\htdocs\wordpress\wp-content\plugins\woocommerce\includes\wc-core-functions.php(2569): WooCommerce->initialize_cart()
#6 C:\MAMP\htdocs\wordpress\wp-content\plugins\woocommerce\includes\class-woocommerce.php(700): wc_load_cart()
#7 C:\MAMP\htdocs\wordpress\wp-includes\class-wp-hook.php(324): WooCommerce->init('')
#8 C:\MAMP\htdocs\wordpress\wp-includes\class-wp-hook.php(348): WP_Hook->apply_filters(NULL, Array)
#9 C:\MAMP\htdocs\wordpress\wp-includes\plugin.php(517): WP_Hook->do_action(Array)
#10 C:\MAMP\htdocs\wordpress\wp-settings.php(700): do_action('init')
#11 C:\MAMP\htdocs\wordpress\wp-config.php(96): require_once('C:\\MAMP\\htdocs\\...')
#12 C:\MAMP\htdocs\wordpress\wp-load.php(50): require_once('C:\\MAMP\\htdocs\\...')
#13 C:\MAMP\htdocs\wordpress\wp-admin\admin-ajax.php(22): require_once('C:\\MAMP\\htdocs\\...')
#14 {main}
  thrown in C:\MAMP\htdocs\wordpress\wp-content\plugins\woocommerce\includes\abstracts\abstract-wc-data.php on line 943

2024-08-07T21:25:48+00:00 CRITICAL Uncaught WC_Data_Exception: Invalid billing email address in C:\MAMP\htdocs\wordpress\wp-content\plugins\woocommerce\includes\abstracts\abstract-wc-data.php:943
Stack trace:
#0 C:\MAMP\htdocs\wordpress\wp-content\plugins\woocommerce\includes\class-wc-customer.php(1045): WC_Data->error('customer_invali...', 'Invalid billing...')
#1 C:\MAMP\htdocs\wordpress\wp-content\plugins\woocommerce\includes\data-stores\class-wc-customer-data-store-session.php(114): WC_Customer->set_billing_email('admin@localhost')
#2 C:\MAMP\htdocs\wordpress\wp-content\plugins\woocommerce\includes\class-wc-data-store.php(159): WC_Customer_Data_Store_Session->read(Object(WC_Customer))
#3 C:\MAMP\htdocs\wordpress\wp-content\plugins\woocommerce\includes\class-wc-customer.php(125): WC_Data_Store->read(Object(WC_Customer))
#4 C:\MAMP\htdocs\wordpress\wp-content\plugins\woocommerce\includes\class-woocommerce.php(881): WC_Customer->__construct(1, true)
#5 C:\MAMP\htdocs\wordpress\wp-content\plugins\woocommerce\includes\wc-core-functions.php(2569): WooCommerce->initialize_cart()
#6 C:\MAMP\htdocs\wordpress\wp-content\plugins\woocommerce\includes\class-woocommerce.php(700): wc_load_cart()
#7 C:\MAMP\htdocs\wordpress\wp-includes\class-wp-hook.php(324): WooCommerce->init('')
#8 C:\MAMP\htdocs\wordpress\wp-includes\class-wp-hook.php(348): WP_Hook->apply_filters(NULL, Array)
#9 C:\MAMP\htdocs\wordpress\wp-includes\plugin.php(517): WP_Hook->do_action(Array)
#10 C:\MAMP\htdocs\wordpress\wp-settings.php(700): do_action('init')
#11 C:\MAMP\htdocs\wordpress\wp-config.php(96): require_once('C:\\MAMP\\htdocs\\...')
#12 C:\MAMP\htdocs\wordpress\wp-load.php(50): require_once('C:\\MAMP\\htdocs\\...')
#13 C:\MAMP\htdocs\wordpress\wp-blog-header.php(13): require_once('C:\\MAMP\\htdocs\\...')
#14 C:\MAMP\htdocs\wordpress\index.php(17): require('C:\\MAMP\\htdocs\\...')
#15 {main}
  thrown in C:\MAMP\htdocs\wordpress\wp-content\plugins\woocommerce\includes\abstracts\abstract-wc-data.php on line 943

2024-08-07T21:26:09+00:00 CRITICAL Uncaught WC_Data_Exception: Invalid billing email address in C:\MAMP\htdocs\wordpress\wp-content\plugins\woocommerce\includes\abstracts\abstract-wc-data.php:943
Stack trace:
#0 C:\MAMP\htdocs\wordpress\wp-content\plugins\woocommerce\includes\class-wc-customer.php(1045): WC_Data->error('customer_invali...', 'Invalid billing...')
#1 C:\MAMP\htdocs\wordpress\wp-content\plugins\woocommerce\includes\data-stores\class-wc-customer-data-store-session.php(114): WC_Customer->set_billing_email('admin@localhost')
#2 C:\MAMP\htdocs\wordpress\wp-content\plugins\woocommerce\includes\class-wc-data-store.php(159): WC_Customer_Data_Store_Session->read(Object(WC_Customer))
#3 C:\MAMP\htdocs\wordpress\wp-content\plugins\woocommerce\includes\class-wc-customer.php(125): WC_Data_Store->read(Object(WC_Customer))
#4 C:\MAMP\htdocs\wordpress\wp-content\plugins\woocommerce\includes\class-woocommerce.php(881): WC_Customer->__construct(1, true)
#5 C:\MAMP\htdocs\wordpress\wp-content\plugins\woocommerce\includes\wc-core-functions.php(2569): WooCommerce->initialize_cart()
#6 C:\MAMP\htdocs\wordpress\wp-content\plugins\woocommerce\includes\class-woocommerce.php(700): wc_load_cart()
#7 C:\MAMP\htdocs\wordpress\wp-includes\class-wp-hook.php(324): WooCommerce->init('')
#8 C:\MAMP\htdocs\wordpress\wp-includes\class-wp-hook.php(348): WP_Hook->apply_filters(NULL, Array)
#9 C:\MAMP\htdocs\wordpress\wp-includes\plugin.php(517): WP_Hook->do_action(Array)
#10 C:\MAMP\htdocs\wordpress\wp-settings.php(700): do_action('init')
#11 C:\MAMP\htdocs\wordpress\wp-config.php(96): require_once('C:\\MAMP\\htdocs\\...')
#12 C:\MAMP\htdocs\wordpress\wp-load.php(50): require_once('C:\\MAMP\\htdocs\\...')
#13 C:\MAMP\htdocs\wordpress\wp-admin\admin-ajax.php(22): require_once('C:\\MAMP\\htdocs\\...')
#14 {main}
  thrown in C:\MAMP\htdocs\wordpress\wp-content\plugins\woocommerce\includes\abstracts\abstract-wc-data.php on line 943

2024-08-07T21:26:10+00:00 CRITICAL Uncaught WC_Data_Exception: Invalid billing email address in C:\MAMP\htdocs\wordpress\wp-content\plugins\woocommerce\includes\abstracts\abstract-wc-data.php:943
Stack trace:
#0 C:\MAMP\htdocs\wordpress\wp-content\plugins\woocommerce\includes\class-wc-customer.php(1045): WC_Data->error('customer_invali...', 'Invalid billing...')
#1 C:\MAMP\htdocs\wordpress\wp-content\plugins\woocommerce\includes\data-stores\class-wc-customer-data-store-session.php(114): WC_Customer->set_billing_email('admin@localhost')
#2 C:\MAMP\htdocs\wordpress\wp-content\plugins\woocommerce\includes\class-wc-data-store.php(159): WC_Customer_Data_Store_Session->read(Object(WC_Customer))
#3 C:\MAMP\htdocs\wordpress\wp-content\plugins\woocommerce\includes\class-wc-customer.php(125): WC_Data_Store->read(Object(WC_Customer))
#4 C:\MAMP\htdocs\wordpress\wp-content\plugins\woocommerce\includes\class-woocommerce.php(881): WC_Customer->__construct(1, true)
#5 C:\MAMP\htdocs\wordpress\wp-content\plugins\woocommerce\includes\wc-core-functions.php(2569): WooCommerce->initialize_cart()
#6 C:\MAMP\htdocs\wordpress\wp-content\plugins\woocommerce\includes\class-woocommerce.php(700): wc_load_cart()
#7 C:\MAMP\htdocs\wordpress\wp-includes\class-wp-hook.php(324): WooCommerce->init('')
#8 C:\MAMP\htdocs\wordpress\wp-includes\class-wp-hook.php(348): WP_Hook->apply_filters(NULL, Array)
#9 C:\MAMP\htdocs\wordpress\wp-includes\plugin.php(517): WP_Hook->do_action(Array)
#10 C:\MAMP\htdocs\wordpress\wp-settings.php(700): do_action('init')
#11 C:\MAMP\htdocs\wordpress\wp-config.php(96): require_once('C:\\MAMP\\htdocs\\...')
#12 C:\MAMP\htdocs\wordpress\wp-load.php(50): require_once('C:\\MAMP\\htdocs\\...')
#13 C:\MAMP\htdocs\wordpress\wp-blog-header.php(13): require_once('C:\\MAMP\\htdocs\\...')
#14 C:\MAMP\htdocs\wordpress\index.php(17): require('C:\\MAMP\\htdocs\\...')
#15 {main}
  thrown in C:\MAMP\htdocs\wordpress\wp-content\plugins\woocommerce\includes\abstracts\abstract-wc-data.php on line 943

2024-08-07T21:26:11+00:00 CRITICAL Uncaught WC_Data_Exception: Invalid billing email address in C:\MAMP\htdocs\wordpress\wp-content\plugins\woocommerce\includes\abstracts\abstract-wc-data.php:943
Stack trace:
#0 C:\MAMP\htdocs\wordpress\wp-content\plugins\woocommerce\includes\class-wc-customer.php(1045): WC_Data->error('customer_invali...', 'Invalid billing...')
#1 C:\MAMP\htdocs\wordpress\wp-content\plugins\woocommerce\includes\data-stores\class-wc-customer-data-store-session.php(114): WC_Customer->set_billing_email('admin@localhost')
#2 C:\MAMP\htdocs\wordpress\wp-content\plugins\woocommerce\includes\class-wc-data-store.php(159): WC_Customer_Data_Store_Session->read(Object(WC_Customer))
#3 C:\MAMP\htdocs\wordpress\wp-content\plugins\woocommerce\includes\class-wc-customer.php(125): WC_Data_Store->read(Object(WC_Customer))
#4 C:\MAMP\htdocs\wordpress\wp-content\plugins\woocommerce\includes\class-woocommerce.php(881): WC_Customer->__construct(1, true)
#5 C:\MAMP\htdocs\wordpress\wp-content\plugins\woocommerce\includes\wc-core-functions.php(2569): WooCommerce->initialize_cart()
#6 C:\MAMP\htdocs\wordpress\wp-content\plugins\woocommerce\includes\class-woocommerce.php(700): wc_load_cart()
#7 C:\MAMP\htdocs\wordpress\wp-includes\class-wp-hook.php(324): WooCommerce->init('')
#8 C:\MAMP\htdocs\wordpress\wp-includes\class-wp-hook.php(348): WP_Hook->apply_filters(NULL, Array)
#9 C:\MAMP\htdocs\wordpress\wp-includes\plugin.php(517): WP_Hook->do_action(Array)
#10 C:\MAMP\htdocs\wordpress\wp-settings.php(700): do_action('init')
#11 C:\MAMP\htdocs\wordpress\wp-config.php(96): require_once('C:\\MAMP\\htdocs\\...')
#12 C:\MAMP\htdocs\wordpress\wp-load.php(50): require_once('C:\\MAMP\\htdocs\\...')
#13 C:\MAMP\htdocs\wordpress\wp-admin\admin-ajax.php(22): require_once('C:\\MAMP\\htdocs\\...')
#14 {main}
  thrown in C:\MAMP\htdocs\wordpress\wp-content\plugins\woocommerce\includes\abstracts\abstract-wc-data.php on line 943

