Content Control Debug Logs:
2023-10-11 21:56:51 - Log file initialized
2023-10-11 22:04:24 - Upgrades started
2023-10-11 22:04:24 - Backing up plugin settings
2023-10-11 22:04:24 - Plugin data backed up successfully to media library. Download the backup https://yeslove.co.uk/wp-content/uploads/content-control_v1_data-backup.json.
2023-10-11 22:04:24 - Migrating plugin meta
2023-10-11 22:04:24 - Plugin meta migrated
2023-10-11 22:04:24 - Migrating 2 restrictions
2023-10-11 22:04:24 - 2 restrictions migrated
2023-10-11 22:04:24 - Migrating plugin settings
2023-10-11 22:04:24 - Plugin settings migrated
2023-10-11 22:04:24 - Migrating user meta
2023-10-11 22:04:24 - User meta migrated
2023-10-11 22:04:24 - Upgrades complete!
2023-10-11 22:04:24 - Upgrades started
2023-10-11 22:04:24 - Upgrades complete!
2023-10-11 22:04:24 - Upgrades started
2023-10-11 22:04:24 - Upgrades complete!
2023-10-11 22:04:24 - Upgrades started
2023-10-11 22:04:24 - Upgrades complete!
2023-10-11 22:04:24 - Upgrades started
2023-10-11 22:04:24 - Upgrades complete!
2023-10-11 22:04:24 - Upgrades started
2023-10-11 22:04:24 - Upgrades complete!
2023-10-11 22:04:24 - Upgrades started
2023-10-11 22:04:24 - Upgrades complete!
2023-10-11 22:04:24 - Upgrades started
2023-10-11 22:04:24 - Upgrades complete!
2023-10-11 22:04:24 - Upgrades started
2023-10-11 22:04:24 - Upgrades complete!
2023-10-11 22:04:24 - Upgrades started
2023-10-11 22:04:24 - Upgrades complete!
2023-10-11 22:04:24 - Upgrades started
2023-10-11 22:04:24 - Upgrades complete!
2023-10-11 22:04:24 - Upgrades started
2023-10-11 22:04:24 - Upgrades complete!
2023-10-11 22:04:24 - Upgrades started
2023-10-11 22:04:24 - Upgrades complete!
2023-10-11 22:04:24 - Upgrades started
2023-10-11 22:04:24 - Upgrades complete!
2023-10-11 22:04:24 - Upgrades started
2023-10-11 22:04:24 - Upgrades complete!
2023-10-11 22:04:24 - Upgrades started
2023-10-11 22:04:24 - Upgrades complete!
2023-10-11 22:04:24 - Upgrades started
2023-10-11 22:04:24 - Upgrades complete!
2023-10-11 22:04:24 - Upgrades started
2023-10-11 22:04:24 - Upgrades complete!
2023-10-11 22:04:24 - Upgrades started
2023-10-11 22:04:24 - Upgrades complete!
2023-10-11 22:04:24 - Upgrades started
2023-10-11 22:04:24 - Upgrades complete!
2023-10-11 22:04:24 - Upgrades started
2023-10-11 22:04:24 - Upgrades complete!
2023-10-11 22:04:24 - Upgrades started
2023-10-11 22:04:24 - Upgrades complete!
2023-10-11 22:04:24 - Upgrades started
2023-10-11 22:04:24 - Upgrades complete!
2023-10-11 22:04:24 - Upgrades started
2023-10-11 22:04:24 - Upgrades complete!
2023-10-11 22:04:24 - Upgrades started
2023-10-11 22:04:24 - Upgrades complete!
2023-10-11 22:04:24 - Upgrades started
2023-10-11 22:04:24 - Upgrades complete!
2023-10-11 22:04:24 - Upgrades started
2023-10-11 22:04:24 - Upgrades complete!
2023-10-11 22:04:24 - Upgrades started
2023-10-11 22:04:24 - Upgrades complete!
2023-10-11 22:04:24 - Upgrades started
2023-10-11 22:04:24 - Upgrades complete!
2023-10-11 22:04:24 - Upgrades started
2023-10-11 22:04:24 - Upgrades complete!
2023-10-11 22:04:24 - Upgrades started
2023-10-11 22:04:24 - Upgrades complete!
2023-10-11 22:04:24 - Upgrades started
2023-10-11 22:04:24 - Upgrades complete!
2023-10-11 22:04:24 - Upgrades started
2023-10-11 22:04:24 - Upgrades complete!
2023-10-11 22:04:24 - Upgrades started
2023-10-11 22:04:24 - Upgrades complete!
2023-10-11 22:04:24 - Upgrades started
2023-10-11 22:04:24 - Upgrades complete!
2023-10-11 22:04:24 - Upgrades started
2023-10-11 22:04:24 - Upgrades complete!
2023-10-11 22:04:24 - Upgrades started
2023-10-11 22:04:24 - Upgrades complete!
2023-10-11 22:04:24 - Upgrades started
2023-10-11 22:04:24 - Upgrades complete!
2023-10-11 22:04:24 - Upgrades started
2023-10-11 22:04:24 - Upgrades complete!
2023-10-11 22:04:24 - Upgrades started
2023-10-11 22:04:24 - Upgrades complete!
2023-10-11 22:04:24 - Upgrades started
2023-10-11 22:04:24 - Upgrades complete!
2023-10-11 22:04:24 - Upgrades started
2023-10-11 22:04:24 - Upgrades complete!
2023-10-11 22:04:24 - Upgrades started
2023-10-11 22:04:24 - Upgrades complete!
2023-10-11 22:04:24 - Upgrades started
2023-10-11 22:04:24 - Upgrades complete!
2023-10-11 22:04:24 - Upgrades started
2023-10-11 22:04:24 - Upgrades complete!
2023-10-11 22:04:24 - Upgrades started
2023-10-11 22:04:24 - Upgrades complete!
2023-10-11 22:04:24 - Upgrades started
2023-10-11 22:04:24 - Upgrades complete!
2023-10-11 22:04:24 - Upgrades started
2023-10-11 22:04:24 - Upgrades complete!
2023-10-11 22:04:24 - Upgrades started
2023-10-11 22:04:24 - Upgrades complete!
2023-10-11 22:04:24 - Upgrades started
2023-10-11 22:04:24 - Upgrades complete!
2023-10-11 22:04:24 - Upgrades started
2023-10-11 22:04:24 - Upgrades complete!
2023-10-11 22:04:24 - Upgrades started
2023-10-11 22:04:24 - Upgrades complete!
2023-10-11 22:04:24 - Upgrades started
2023-10-11 22:04:24 - Upgrades complete!
2023-10-11 22:04:24 - Upgrades started
2023-10-11 22:04:24 - Upgrades complete!
2023-10-11 22:04:24 - Upgrades started
2023-10-11 22:04:24 - Upgrades complete!
2023-10-11 22:04:24 - Upgrades started
2023-10-11 22:04:24 - Upgrades complete!
2023-10-11 22:04:24 - Upgrades started
2023-10-11 22:04:24 - Upgrades complete!
2023-10-11 22:04:24 - Upgrades started
2023-10-11 22:04:24 - Upgrades complete!
2023-10-11 22:04:24 - Upgrades started
2023-10-11 22:04:24 - Upgrades complete!
2023-10-11 22:04:24 - Upgrades started
2023-10-11 22:04:24 - Upgrades complete!
2023-10-11 22:04:24 - Upgrades started
2023-10-11 22:04:24 - Upgrades complete!
2023-10-11 22:04:24 - Upgrades started
2023-10-11 22:04:24 - Upgrades complete!
2023-10-11 22:04:24 - Upgrades started
2023-10-11 22:04:24 - Upgrades complete!
2023-10-11 22:04:24 - Upgrades started
2023-10-11 22:04:24 - Upgrades complete!
2023-10-11 22:04:24 - Upgrades started
2023-10-11 22:04:24 - Upgrades complete!
2023-10-11 22:04:24 - Upgrades started
2023-10-11 22:04:24 - Upgrades complete!
2023-10-11 22:04:24 - Upgrades started
2023-10-11 22:04:24 - Upgrades complete!
2023-10-11 22:04:24 - Upgrades started
2023-10-11 22:04:24 - Upgrades complete!
2023-10-11 22:04:24 - Upgrades started
2023-10-11 22:04:24 - Upgrades complete!
2023-10-11 22:04:24 - Upgrades started
2023-10-11 22:04:24 - Upgrades complete!
2023-10-11 22:04:24 - Upgrades started
2023-10-11 22:04:24 - Upgrades complete!
2023-10-11 22:04:24 - Upgrades started
2023-10-11 22:04:24 - Upgrades complete!
2023-10-11 22:04:24 - Upgrades started
2023-10-11 22:04:24 - Upgrades complete!
2023-10-11 22:04:24 - Upgrades started
2023-10-11 22:04:24 - Upgrades complete!
2023-10-11 22:04:24 - Upgrades started
2023-10-11 22:04:24 - Upgrades complete!
2023-10-11 22:04:24 - Upgrades started
2023-10-11 22:04:24 - Upgrades complete!
2023-10-11 22:04:24 - Upgrades started
2023-10-11 22:04:24 - Upgrades complete!
2023-10-11 22:04:24 - Upgrades started
2023-10-11 22:04:24 - Upgrades complete!
2023-10-11 22:04:24 - Upgrades started
2023-10-11 22:04:24 - Upgrades complete!
2023-10-11 22:04:24 - Upgrades started
2023-10-11 22:04:24 - Upgrades complete!
2023-10-11 22:04:24 - Upgrades started
2023-10-11 22:04:24 - Upgrades complete!
2023-10-11 22:04:24 - Upgrades started
2023-10-11 22:04:24 - Upgrades complete!
2023-10-11 22:04:24 - Upgrades started
2023-10-11 22:04:24 - Upgrades complete!
2023-10-11 22:04:24 - Upgrades started
2023-10-11 22:04:24 - Upgrades complete!
2023-10-11 22:04:24 - Upgrades started
2023-10-11 22:04:24 - Upgrades complete!
2023-10-11 22:04:24 - Upgrades started
2023-10-11 22:04:24 - Upgrades complete!
2023-10-11 22:04:24 - Upgrades started
2023-10-11 22:04:24 - Upgrades complete!
2023-10-11 22:04:24 - Upgrades started
2023-10-11 22:04:24 - Upgrades complete!
2023-10-11 22:04:24 - Upgrades started
2023-10-11 22:04:24 - Upgrades complete!
2023-10-11 22:04:24 - Upgrades started
2023-10-11 22:04:24 - Upgrades complete!
2023-10-11 22:04:24 - Upgrades started
2023-10-11 22:04:24 - Upgrades complete!
2023-10-11 22:04:24 - Upgrades started
2023-10-11 22:04:24 - Upgrades complete!
2023-10-11 22:04:24 - Upgrades started
2023-10-11 22:04:24 - Upgrades complete!
2023-10-11 22:04:24 - Upgrades started
2023-10-11 22:04:24 - Upgrades complete!
2023-10-11 22:04:24 - Upgrades started
2023-10-11 22:04:24 - Upgrades complete!
2023-10-11 22:04:24 - Upgrades started
2023-10-11 22:04:24 - Upgrades complete!
2023-10-11 22:04:24 - Upgrades started
2023-10-11 22:04:24 - Upgrades complete!
2023-10-11 22:04:24 - Upgrades started
2023-10-11 22:04:24 - Upgrades complete!
2023-10-11 22:04:24 - Upgrades started
2023-10-11 22:04:24 - Upgrades complete!
2023-10-11 22:04:24 - Upgrades started
2023-10-11 22:04:24 - Upgrades complete!
2023-10-11 22:04:24 - Upgrades started
2023-10-11 22:04:24 - Upgrades complete!
2023-10-11 22:04:24 - Upgrades started
2023-10-11 22:04:24 - Upgrades complete!
2023-10-11 22:04:24 - Upgrades started
2023-10-11 22:04:24 - Upgrades complete!
2023-10-11 22:04:24 - Upgrades started
2023-10-11 22:04:24 - Upgrades complete!
2023-10-11 22:04:24 - Upgrades started
2023-10-11 22:04:24 - Upgrades complete!
2023-10-11 22:04:24 - Upgrades started
2023-10-11 22:04:24 - Upgrades complete!
2023-10-11 22:04:24 - Upgrades started
2023-10-11 22:04:24 - Upgrades complete!
2023-10-11 22:04:24 - Upgrades started
2023-10-11 22:04:24 - Upgrades complete!
2023-10-11 22:04:24 - Upgrades started
2023-10-11 22:04:24 - Upgrades complete!
2023-10-11 22:04:24 - Upgrades started
2023-10-11 22:04:24 - Upgrades complete!
2023-10-11 22:04:24 - Upgrades started
2023-10-11 22:04:24 - Upgrades complete!
2023-10-11 22:04:24 - Upgrades started
2023-10-11 22:04:24 - Upgrades complete!
2023-10-11 22:04:24 - Upgrades started
2023-10-11 22:04:24 - Upgrades complete!
2023-10-11 22:04:24 - Upgrades started
2023-10-11 22:04:24 - Upgrades complete!
2023-10-11 22:04:24 - Upgrades started
2023-10-11 22:04:24 - Upgrades complete!
2023-10-11 22:04:24 - Upgrades started
2023-10-11 22:04:24 - Upgrades complete!
2023-10-11 22:04:24 - Upgrades started
2023-10-11 22:04:24 - Upgrades complete!
2023-10-11 22:04:24 - Upgrades started
2023-10-11 22:04:24 - Upgrades complete!
2023-10-11 22:04:24 - Upgrades started
2023-10-11 22:04:24 - Upgrades complete!